<?xml version="1.0" encoding="UTF-8"?>
<testsuite xmlns:xsi="http://www.w3.org/2001/XMLSchema-instance" xsi:noNamespaceSchemaLocation="https://maven.apache.org/surefire/maven-failsafe-plugin/xsd/failsafe-test-report-3.0.xsd" version="3.0" name="com.studentapplication.cucumber.StudentRunnerTest" time="15.755" tests="3" errors="0" skipped="0" failures="0">
  <properties>
[...]
</properties>
  <testcase name="Check if the Student Application can be accessed by the user" classname="Testing different Requests on the Student Application" time="4.149">
    <system-out><![CDATA[19:16:19.908 [main] DEBUG i.c.core.plugin.SerenityReporter - Running feature from file:///C:/Users/DynaPar/eclipse-workspace/StudentApplication/src/test/resources/feature/student.feature
19:16:19.908 [main] WARN  i.c.core.plugin.SerenityReporter - Feature from file:///C:/Users/DynaPar/eclipse-workspace/StudentApplication/src/test/resources/feature/student.feature is not under the 'features' directory. Requirements report will not be correctly generated!
19:16:20.113 [main] INFO   - 

-------------------------------------------------------------------------------------
     _______. _______ .______       _______ .__   __.  __  .___________.____    ____ 
    /       ||   ____||   _  \     |   ____||  \ |  | |  | |           |\   \  /   / 
   |   (----`|  |__   |  |_)  |    |  |__   |   \|  | |  | `---|  |----` \   \/   /  
    \   \    |   __|  |      /     |   __|  |  . `  | |  |     |  |       \_    _/   
.----)   |   |  |____ |  |\  \----.|  |____ |  |\   | |  |     |  |         |  |     
|_______/    |_______|| _| `._____||_______||__| \__| |__|     |__|         |__|    
                                                                                     
 News and tutorials at http://www.serenity-bdd.info                                  
 Documentation at https://wakaleo.gitbooks.io/the-serenity-book/content/             
 Join the Serenity Community on Gitter: https://gitter.im/serenity-bdd/serenity-core 
 Serenity BDD Support and Training at http://serenity-bdd.info/#/trainingandsupport  
-------------------------------------------------------------------------------------

19:16:20.122 [main] DEBUG n.thucydides.core.steps.StepEventBus - Test suite started for story net.thucydides.core.model.Story@bd2cd7d8
19:16:20.126 [main] INFO   - Test Suite Started: Testing different Requests on the Student Application
19:16:20.523 [main] DEBUG i.c.core.plugin.SerenityReporter - Running feature from file:///C:/Users/DynaPar/eclipse-workspace/StudentApplication/src/test/resources/feature/student.feature
19:16:20.523 [main] WARN  i.c.core.plugin.SerenityReporter - Feature from file:///C:/Users/DynaPar/eclipse-workspace/StudentApplication/src/test/resources/feature/student.feature is not under the 'features' directory. Requirements report will not be correctly generated!
19:16:20.576 [main] INFO   - 
  _____   ___   ___   _____     ___   _____     _     ___   _____   ___   ___  
 |_   _| | __| / __| |_   _|   / __| |_   _|   /_\   | _ \ |_   _| | __| |   \ 
   | |   | _|  \__ \   | |     \__ \   | |    / _ \  |   /   | |   | _|  | |) |
   |_|   |___| |___/   |_|     |___/   |_|   /_/ \_\ |_|_\   |_|   |___| |___/ 

Check if the Student Application can be accessed by the user(testing-different-requests-on-the-student-application;check-if-the-student-application-can-be-accessed-by-the-user)
--------------------------------------------------------------------------------
19:16:23.936 [main] DEBUG o.a.h.i.c.BasicClientConnectionManager - Get connection for route {}->http://localhost:8085
19:16:23.963 [main] DEBUG o.a.h.i.c.DefaultClientConnectionOperator - Connecting to localhost:8085
19:16:24.000 [main] DEBUG o.a.h.c.protocol.RequestAddCookies - CookieSpec selected: ignoreCookies
19:16:24.003 [main] DEBUG o.a.h.c.protocol.RequestAuthCache - Auth cache not set in the context
19:16:24.003 [main] DEBUG o.a.h.c.p.RequestTargetAuthentication - Target auth state: UNCHALLENGED
19:16:24.004 [main] DEBUG o.a.h.c.p.RequestProxyAuthentication - Proxy auth state: UNCHALLENGED
19:16:24.004 [main] DEBUG o.a.h.impl.client.DefaultHttpClient - Attempt 1 to execute request
19:16:24.004 [main] DEBUG o.a.h.i.conn.DefaultClientConnection - Sending request: GET /student/list HTTP/1.1
19:16:24.004 [main] DEBUG org.apache.http.wire -  >> "GET /student/list HTTP/1.1[\r][\n]"
19:16:24.006 [main] DEBUG org.apache.http.wire -  >> "Accept: */*[\r][\n]"
19:16:24.007 [main] DEBUG org.apache.http.wire -  >> "Host: localhost:8085[\r][\n]"
19:16:24.007 [main] DEBUG org.apache.http.wire -  >> "Connection: Keep-Alive[\r][\n]"
19:16:24.007 [main] DEBUG org.apache.http.wire -  >> "User-Agent: Apache-HttpClient/4.5.13 (Java/11.0.20)[\r][\n]"
19:16:24.007 [main] DEBUG org.apache.http.wire -  >> "Accept-Encoding: gzip,deflate[\r][\n]"
19:16:24.007 [main] DEBUG org.apache.http.wire -  >> "[\r][\n]"
19:16:24.007 [main] DEBUG org.apache.http.headers - >> GET /student/list HTTP/1.1
19:16:24.007 [main] DEBUG org.apache.http.headers - >> Accept: */*
19:16:24.007 [main] DEBUG org.apache.http.headers - >> Host: localhost:8085
19:16:24.007 [main] DEBUG org.apache.http.headers - >> Connection: Keep-Alive
19:16:24.007 [main] DEBUG org.apache.http.headers - >> User-Agent: Apache-HttpClient/4.5.13 (Java/11.0.20)
19:16:24.007 [main] DEBUG org.apache.http.headers - >> Accept-Encoding: gzip,deflate
19:16:24.056 [main] DEBUG org.apache.http.wire -  << "HTTP/1.1 200 [\r][\n]"
19:16:24.060 [main] DEBUG org.apache.http.wire -  << "Content-Type: application/json;charset=UTF-8[\r][\n]"
19:16:24.061 [main] DEBUG org.apache.http.wire -  << "Transfer-Encoding: chunked[\r][\n]"
19:16:24.061 [main] DEBUG org.apache.http.wire -  << "Date: Fri, 24 Nov 2023 13:46:24 GMT[\r][\n]"
19:16:24.061 [main] DEBUG org.apache.http.wire -  << "[\r][\n]"
19:16:24.062 [main] DEBUG o.a.h.i.conn.DefaultClientConnection - Receiving response: HTTP/1.1 200 
19:16:24.063 [main] DEBUG org.apache.http.headers - << HTTP/1.1 200 
19:16:24.064 [main] DEBUG org.apache.http.headers - << Content-Type: application/json;charset=UTF-8
19:16:24.064 [main] DEBUG org.apache.http.headers - << Transfer-Encoding: chunked
19:16:24.064 [main] DEBUG org.apache.http.headers - << Date: Fri, 24 Nov 2023 13:46:24 GMT
19:16:24.074 [main] DEBUG o.a.h.impl.client.DefaultHttpClient - Connection can be kept alive indefinitely
19:16:24.101 [main] DEBUG i.r.i.RequestSpecificationImpl$RestAssuredHttpBuilder - Parsing response as: application/json;charset=UTF-8
19:16:24.101 [main] DEBUG i.r.i.RequestSpecificationImpl$RestAssuredHttpBuilder - Parsed data to instance of: class org.apache.http.conn.EofSensorInputStream
19:16:24.161 [main] DEBUG org.apache.http.wire -  << "2000[\r][\n]"
19:16:24.162 [main] DEBUG org.apache.http.wire -  << "[{"id":1,"firstName":"Vernon","lastName":"Harper","email":"egestas.rhoncus.Proin@massaQuisqueporttitor.org","programme":"Financial Analysis","courses":["Accounting","Statistics"]},{"id":2,"firstName":"Murphy","lastName":"Holmes","email":"faucibus.orci.luctus@Duisac.net","programme":"Financial Analysis","courses":["Accounting","Statistics"]},{"id":3,"firstName":"Reece","lastName":"Jason","email":"tincidunt.dui@ultricessit.co.uk","programme":"Computer Science","courses":["Calculus","Algorithms","Software Development","Ethics"]},{"id":4,"firstName":"Orson","lastName":"Armando","email":"nascetur@conguea.com","programme":"Computer Science","courses":["Calculus","Algorithms","Software Development","Ethics"]},{"id":5,"firstName":"Cullen","lastName":"Craig","email":"imperdiet.ullamcorper@nonenimMauris.co.uk","programme":"Disaster Management","courses":["Disaster Preparedness"]},{"id":6,"firstName":"Harper","lastName":"Rashad","email":"vestibulum@ridiculusmus.edu","programme":"Disaster Management","courses":["Disaster Preparedness"]},{"id":7,"firstName":"Roth","lastName":"Grant","email":"eu.tellus@anuncIn.edu","programme":"Mechanical Engineering","courses":["Machine Element Design","Engineering Analysis I","Calculus & Linear Algebra I "]},{"id":8,"firstName":"Jermaine","lastName":"Alden","email":"scelerisque.sed@senectuset.org","programme":"Law","courses":["Criminal Law","Constitutional Law","Property Law","Contracts"]},{"id":9,"firstName":"Sebastian","lastName":"Jesse","email":"faucibus@sed.co.uk","programme":"Medicine","courses":["Anatomy","Biochemistry","Genetics","Human Behavior."]},{"id":10,"firstName":"Todd","lastName":"Beck","email":"Fusce.dolor.quam@commodoauctor.org","programme":"Financial Analysis","courses":["Accounting","Statistics"]},{"id":11,"firstName":"Giacomo","lastName":"Raphael","email":"magnis.dis@idmagnaet.com","programme":"Medicine","courses":["Anatomy","Biochemistry","Genetics","Human Behavior."]},{"id":12,"firstName":"Chadwick","lastName":"Lawrence","email":"turpis.non.enim@sociisnatoque.com","programme":"Criminology","courses":["Criminal Mind","Gender, Crime and Justice ","Philosophy of Law "]},{"id":13,"firstName":"Zachary","lastName":"Vance","email":"In.tincidunt.congue@Quisque.com","programme":"Criminology","courses":["Criminal Mind","Gender, Crime and Justice ","Philosophy of Law "]},{"id":14,"firstName":"Denton","lastName":"Walker","email":"Integer.sem@iaculisodioNam.edu","programme":"Mechanical Engineering","courses":["Machine Element Design","Engineering Analysis I","Calculus & Linear Algebra I "]},{"id":15,"firstName":"Hakeem","lastName":"Fitzgerald","email":"accumsan@luctuset.edu","programme":"Financial Analysis","courses":["Accounting","Statistics"]},{"id":16,"firstName":"Jakeem","lastName":"Philip","email":"montes.nascetur.ridiculus@loremDonec.com","programme":"Mechanical Engineering","courses":["Machine Element Design","Engineering Analysis I","Calculus & Linear Algebra I "]},{"id":17,"firstName":"Amal","lastName":"Emery","email":"turpis.egestas.Aliquam@fermentum.net","programme":"Computer Science","courses":["Calculus","Algorithms","Software Development","Ethics"]},{"id":18,"firstName":"Reed","lastName":"Wylie","email":"Suspendisse.aliquet.sem@atrisus.org","programme":"Medicine","courses":["Anatomy","Biochemistry","Genetics","Human Behavior."]},{"id":19,"firstName":"Lev","lastName":"Philip","email":"dolor.elit.pellentesque@enimEtiamimperdiet.ca","programme":"Computer Science","courses":["Calculus","Algorithms","Software Development","Ethics"]},{"id":20,"firstName":"Lamar","lastName":"Berk","email":"leo.Vivamus@sit.org","programme":"Medicine","courses":["Anatomy","Biochemistry","Genetics","Human Behavior."]},{"id":21,"firstName":"Nathaniel","lastName":"Colton","email":"hendrerit@et.co.uk","programme":"Medicine","courses":["Anatomy","Biochemistry","Genetics","Human Behavior."]},{"id":22,"firstName":"Kennan","lastName":"Jacob","email":"vel.vulputate@vitaedolorDonec.ca","programme":"Financial Analysis","courses":["Accounting","Statistics"]},{"id":23,"firstName":"Omar","lastName":"Colt","email":"venenatis.a@Pellentesque.co.uk","programme":"Mechanical Engineering","courses":["Machine Element Design","Engineering Analysis I","Calculus & Linear Algebra I "]},{"id":24,"firstName":"Tanek","lastName":"Scott","email":"Sed.malesuada@porttitoreros.ca","programme":"Criminology","courses":["Criminal Mind","Gender, Crime and Justice ","Philosophy of Law "]},{"id":25,"firstName":"Paki","lastName":"Samson","email":"ornare@Mauriseuturpis.edu","programme":"Law","courses":["Criminal Law","Constitutional Law","Property Law","Contracts"]},{"id":26,"firstName":"James","lastName":"Jonah","email":"Nullam@Cras.net","programme":"Mechanical Engineering","courses":["Machine Element Design","Engineering Analysis I","Calculus & Linear Algebra I "]},{"id":27,"firstName":"Cade","lastName":"Vernon","email":"pharetra.sed@Aliquamvulputateullamcorper.ca","programme":"Mechanical Engineering","courses":["Machine Element Design","Engineering Analysis I","Calculus & Linear Algebra I "]},{"id":28,"firstName":"Quentin","lastName":"Chadwick","email":"sed.turpis.nec@risusQuisque.ca","programme":"Mechanical Engineering","courses":["Machine Element Design","Engineering Analysis I","Calculus & Linear Algebra I "]},{"id":29,"firstName":"Arden","lastName":"Abel","email":"consequat.enim@ultricessit.com","programme":"Law","courses":["Criminal Law","Constitutional Law","Property Law","Contracts"]},{"id":30,"firstName":"Lars","lastName":"Keith","email":"Fusce@Quisquefringillaeuismod.org","programme":"Medicine","courses":["Anatomy","Biochemistry","Genetics","Human Behavior."]},{"id":31,"firstName":"Emmanuel","lastName":"Gavin","email":"ornare.libero@perinceptoshymenaeos.co.uk","programme":"Criminology","courses":["Criminal Mind","Gender, Crime and Justice ","Philosophy of Law "]},{"id":32,"firstName":"Noah","lastName":"Oren","email":"Proin.vel@placerat.org","programme":"Law","courses":["Criminal Law","Constitutional Law","Property Law","Contracts"]},{"id":33,"firstName":"Mason","lastName":"Barry","email":"id@incursus.co.uk","programme":"Law","courses":["Criminal Law","Constitutional Law","Property Law","Contracts"]},{"id":34,"firstName":"Elliott","lastName":"Brady","email":"Vestibulum@adlitora.net","programme":"Law","courses":["Criminal Law","Constitutional Law","Property Law","Contracts"]},{"id":35,"firstName":"Nero","lastName":"Brett","email":"amet.ante@sit.com","programme":"Disaster Management","courses":["Disaster Preparedness"]},{"id":36,"firstName":"Elvis","lastName":"Abraham","email":"neque@interdumfeugiat.net","programme":"Disaster Management","courses":["Disaster Preparedness"]},{"id":37,"firstName":"Kieran","lastName":"Ross","email":"magnis.dis.parturient@laciniaorci.edu","programme":"Disaster Management","courses":["Disaster Preparedness"]},{"id":38,"firstName":"Noah","lastName":"Merrill","email":"et@ipsum.net","programme":"Medicine","courses":["Anatomy","Biochemistry","Genetics","Human Behavior."]},{"id":39,"firstName":"Peter","lastName":"Noble","email":"turpis@sagittisplaceratCras.ca","programme":"Computer Science","courses":["Calculus","Algorithms","Software Development","Ethics"]},{"id":40,"firstName":"Axel","lastName":"Bradley","email":"ridiculus.mus@tempus.net","programme":"Mechanical Engineering","courses":["Machine Element Design","Engineering Analysis I","Calculus & Linear Algebra I "]},{"id":41,"firstName":"Hashim","lastName":"Chancellor","email":"at.pretium@eleifendvitae.net","programme":"Medicine","courses":["Anatomy","Biochemistry","Genetics","Human Behavior."]},{"id":42,"firstName":"Alan","lastName":"Connor","email":"vel.turpis.Aliquam@metus.org","programme":"Mechanical Engineering","courses":["Machine Element Design","Engineering Analysis I","Calculus & Linear Algebra I "]},{"id":43,"firstName":"Abel","lastName":"Rudyard","email":"orci.luctus.et@posuere.com","programme":"Computer Science","courses":["Calculus","Algorithms","Software Development","Ethics"]},{"id":44,"firstName":"Cedric","lastName":"Zeus","em"
19:16:24.164 [main] DEBUG org.apache.http.wire -  << "ail":"Quisque.tincidunt@nullaanteiaculis.co.uk","programme":"Law","courses":["Criminal Law","Constitutional Law","Property Law","Contr"
19:16:24.164 [main] DEBUG org.apache.http.wire -  << "[\r][\n]"
19:16:24.164 [main] DEBUG org.apache.http.wire -  << "2000[\r][\n]"
19:16:24.165 [main] DEBUG org.apache.http.wire -  << "acts"]},{"id":45,"firstName":"Boris","lastName":"Kato","email":"dictum@tortorInteger.org","programme":"Medicine","courses":["Anatomy","Biochemistry","Genetics","Human Behavior."]},{"id":46,"firstName":"Walter","lastName":"Phelan","email":"diam@nectellusNunc.edu","programme":"Law","courses":["Criminal Law","Constitutional Law","Property Law","Contracts"]},{"id":47,"firstName":"Preston","lastName":"Branden","email":"sagittis.semper@urnaNullam.net","programme":"Criminology","courses":["Criminal Mind","Gender, Crime and Justice ","Philosophy of Law "]},{"id":48,"firstName":"Kane","lastName":"Alec","email":"dignissim.Maecenas.ornare@adui.edu","programme":"Law","courses":["Criminal Law","Constitutional Law","Property Law","Contracts"]},{"id":49,"firstName":"Igor","lastName":"Ezra","email":"cursus.non.egestas@laciniaorci.net","programme":"Criminology","courses":["Criminal Mind","Gender, Crime and Justice ","Philosophy of Law "]},{"id":50,"firstName":"Yoshio","lastName":"Kato","email":"Vivamus.rhoncus@semutcursus.ca","programme":"Disaster Management","courses":["Disaster Preparedness"]},{"id":51,"firstName":"Fletcher","lastName":"Vance","email":"orci.lacus@hendreritDonecporttitor.net","programme":"Computer Science","courses":["Calculus","Algorithms","Software Development","Ethics"]},{"id":52,"firstName":"Burton","lastName":"Merrill","email":"mauris@malesuada.ca","programme":"Law","courses":["Criminal Law","Constitutional Law","Property Law","Contracts"]},{"id":53,"firstName":"Rafael","lastName":"Vladimir","email":"mauris.ipsum.porta@sit.ca","programme":"Law","courses":["Criminal Law","Constitutional Law","Property Law","Contracts"]},{"id":54,"firstName":"Dolan","lastName":"Hyatt","email":"augue.malesuada@Pellentesqueut.net","programme":"Computer Science","courses":["Calculus","Algorithms","Software Development","Ethics"]},{"id":55,"firstName":"Driscoll","lastName":"Russell","email":"Lorem.ipsum.dolor@eu.co.uk","programme":"Computer Science","courses":["Calculus","Algorithms","Software Development","Ethics"]},{"id":56,"firstName":"Boris","lastName":"Dexter","email":"purus@mollis.co.uk","programme":"Law","courses":["Criminal Law","Constitutional Law","Property Law","Contracts"]},{"id":57,"firstName":"Maxwell","lastName":"Tarik","email":"pharetra.Quisque.ac@facilisisSuspendisse.edu","programme":"Criminology","courses":["Criminal Mind","Gender, Crime and Justice ","Philosophy of Law "]},{"id":58,"firstName":"Nero","lastName":"Ulysses","email":"inceptos.hymenaeos.Mauris@Proin.edu","programme":"Financial Analysis","courses":["Accounting","Statistics"]},{"id":59,"firstName":"Chase","lastName":"Laith","email":"ridiculus.mus.Donec@netus.org","programme":"Mechanical Engineering","courses":["Machine Element Design","Engineering Analysis I","Calculus & Linear Algebra I "]},{"id":60,"firstName":"Dominic","lastName":"Malcolm","email":"mi.felis.adipiscing@liberoettristique.edu","programme":"Criminology","courses":["Criminal Mind","Gender, Crime and Justice ","Philosophy of Law "]},{"id":61,"firstName":"Ross","lastName":"Hedley","email":"Ut.tincidunt.vehicula@nuncidenim.edu","programme":"Criminology","courses":["Criminal Mind","Gender, Crime and Justice ","Philosophy of Law "]},{"id":62,"firstName":"Abel","lastName":"Garrett","email":"rhoncus@sociisnatoquepenatibus.ca","programme":"Financial Analysis","courses":["Accounting","Statistics"]},{"id":63,"firstName":"Nero","lastName":"Clarke","email":"eget.metus.In@disparturientmontes.org","programme":"Computer Science","courses":["Calculus","Algorithms","Software Development","Ethics"]},{"id":64,"firstName":"Thane","lastName":"Carl","email":"ut.nulla@netuset.co.uk","programme":"Criminology","courses":["Criminal Mind","Gender, Crime and Justice ","Philosophy of Law "]},{"id":65,"firstName":"Jerome","lastName":"Jackson","email":"ac.turpis@facilisislorem.net","programme":"Computer Science","courses":["Calculus","Algorithms","Software Development","Ethics"]},{"id":66,"firstName":"Tate","lastName":"Martin","email":"ante.blandit@semeget.org","programme":"Law","courses":["Criminal Law","Constitutional Law","Property Law","Contracts"]},{"id":67,"firstName":"Caldwell","lastName":"Daniel","email":"lobortis@nequevenenatislacus.net","programme":"Medicine","courses":["Anatomy","Biochemistry","Genetics","Human Behavior."]},{"id":68,"firstName":"Lucian","lastName":"Holmes","email":"Cras@lorem.org","programme":"Medicine","courses":["Anatomy","Biochemistry","Genetics","Human Behavior."]},{"id":69,"firstName":"Akeem","lastName":"Herrod","email":"vel.venenatis@Nullamvelit.com","programme":"Disaster Management","courses":["Disaster Preparedness"]},{"id":70,"firstName":"Vance","lastName":"Colin","email":"quam.vel.sapien@vellectusCum.org","programme":"Disaster Management","courses":["Disaster Preparedness"]},{"id":71,"firstName":"Austin","lastName":"Jelani","email":"Nulla@nuncid.net","programme":"Medicine","courses":["Anatomy","Biochemistry","Genetics","Human Behavior."]},{"id":72,"firstName":"Jackson","lastName":"Honorato","email":"In@vestibulumlorem.com","programme":"Criminology","courses":["Criminal Mind","Gender, Crime and Justice ","Philosophy of Law "]},{"id":73,"firstName":"Lee","lastName":"Acton","email":"rutrum@mattis.org","programme":"Mechanical Engineering","courses":["Machine Element Design","Engineering Analysis I","Calculus & Linear Algebra I "]},{"id":74,"firstName":"Aquila","lastName":"Sylvester","email":"Aliquam.ultrices.iaculis@duiquisaccumsan.co.uk","programme":"Criminology","courses":["Criminal Mind","Gender, Crime and Justice ","Philosophy of Law "]},{"id":75,"firstName":"Baker","lastName":"Cairo","email":"fermentum@diam.com","programme":"Financial Analysis","courses":["Accounting","Statistics"]},{"id":76,"firstName":"Samuel","lastName":"Kibo","email":"semper@enimcommodohendrerit.co.uk","programme":"Criminology","courses":["Criminal Mind","Gender, Crime and Justice ","Philosophy of Law "]},{"id":77,"firstName":"Byron","lastName":"Warren","email":"enim.Etiam.imperdiet@sitamet.ca","programme":"Mechanical Engineering","courses":["Machine Element Design","Engineering Analysis I","Calculus & Linear Algebra I "]},{"id":78,"firstName":"Declan","lastName":"Barclay","email":"Proin.nisl.sem@Aliquamnecenim.org","programme":"Mechanical Engineering","courses":["Machine Element Design","Engineering Analysis I","Calculus & Linear Algebra I "]},{"id":79,"firstName":"Robert","lastName":"Cullen","email":"in.dolor@pede.co.uk","programme":"Disaster Management","courses":["Disaster Preparedness"]},{"id":80,"firstName":"Troy","lastName":"Simon","email":"Cras.vulputate.velit@ornare.org","programme":"Criminology","courses":["Criminal Mind","Gender, Crime and Justice ","Philosophy of Law "]},{"id":81,"firstName":"Tiger","lastName":"Wylie","email":"risus.quis.diam@Proin.ca","programme":"Disaster Management","courses":["Disaster Preparedness"]},{"id":82,"firstName":"Herrod","lastName":"Adam","email":"hendrerit.neque@a.co.uk","programme":"Medicine","courses":["Anatomy","Biochemistry","Genetics","Human Behavior."]},{"id":83,"firstName":"Yuli","lastName":"Griffin","email":"ipsum.non@vitae.co.uk","programme":"Criminology","courses":["Criminal Mind","Gender, Crime and Justice ","Philosophy of Law "]},{"id":84,"firstName":"Chancellor","lastName":"Ali","email":"ultrices@Nullam.net","programme":"Medicine","courses":["Anatomy","Biochemistry","Genetics","Human Behavior."]},{"id":85,"firstName":"Charles","lastName":"Randall","email":"ipsum.porta.elit@morbitristique.net","programme":"Law","courses":["Criminal Law","Constitutional Law","Property Law","Contracts"]},{"id":86,"firstName":"Lucius","lastName":"Gage","email":"auctor.vitae.aliquet@parturient.org","programme":"Disaster Management","courses":["Disaster Preparedness"]},{"id":87,"firstName":"Richard","lastName":"Dane","email":"Nulla.eget@musDonecdignissim.co.uk","programme":"Mechanical Engineering","courses":["Machine Element Design","Engineering Analysis I","Calculus & Linear Algebra I "]},{"id":88,"firstName":"Addison","lastName":"Jermaine","email":"est.Maur"
19:16:24.166 [main] DEBUG org.apache.http.wire -  << "is@et.co.uk","programme":"Disaster Management","courses":["Disaster Preparedness"]},{"id":89,"firstName":"Acton","lastName":"Elliott","email":"
19:16:24.167 [main] DEBUG org.apache.http.wire -  << "[\r][\n]"
19:16:24.167 [main] DEBUG org.apache.http.wire -  << "b6b[\r][\n]"
19:16:24.167 [main] DEBUG org.apache.http.wire -  << ""sem.eget@posuerecubiliaCurae.ca","programme":"Medicine","courses":["Anatomy","Biochemistry","Genetics","Human Behavior."]},{"id":90,"firstName":"Channing","lastName":"Howard","email":"est.congue@velit.com","programme":"Medicine","courses":["Anatomy","Biochemistry","Genetics","Human Behavior."]},{"id":91,"firstName":"Darius","lastName":"Nehru","email":"risus.varius.orci@sitamet.edu","programme":"Medicine","courses":["Anatomy","Biochemistry","Genetics","Human Behavior."]},{"id":92,"firstName":"Walter","lastName":"Arsenio","email":"a.ultricies@duiFusce.edu","programme":"Financial Analysis","courses":["Accounting","Statistics"]},{"id":93,"firstName":"Dieter","lastName":"Matthew","email":"a@pretium.ca","programme":"Mechanical Engineering","courses":["Machine Element Design","Engineering Analysis I","Calculus & Linear Algebra I "]},{"id":94,"firstName":"Evan","lastName":"Yoshio","email":"sapien.gravida.non@noncursus.com","programme":"Financial Analysis","courses":["Accounting","Statistics"]},{"id":95,"firstName":"Hamilton","lastName":"Dennis","email":"luctus.lobortis@nonbibendumsed.com","programme":"Mechanical Engineering","courses":["Machine Element Design","Engineering Analysis I","Calculus & Linear Algebra I "]},{"id":96,"firstName":"Gavin","lastName":"Driscoll","email":"lacinia.mattis@risusDonec.net","programme":"Medicine","courses":["Anatomy","Biochemistry","Genetics","Human Behavior."]},{"id":97,"firstName":"Brendan","lastName":"Allistair","email":"Nunc.laoreet@Sed.ca","programme":"Computer Science","courses":["Calculus","Algorithms","Software Development","Ethics"]},{"id":98,"firstName":"Gary","lastName":"Robert","email":"molestie@vitaesemper.ca","programme":"Computer Science","courses":["Calculus","Algorithms","Software Development","Ethics"]},{"id":99,"firstName":"Fletcher","lastName":"Brenden","email":"semper@nequesed.co.uk","programme":"Computer Science","courses":["Calculus","Algorithms","Software Development","Ethics"]},{"id":100,"firstName":"Oscar","lastName":"Barclay","email":"non.ante.bibendum@risusDonecegestas.edu","programme":"Mechanical Engineering","courses":["Machine Element Design","Engineering Analysis I","Calculus & Linear Algebra I "]},{"id":101,"firstName":"manoj","lastName":"kunjir","email":"84667mk@gmail.com","programme":"business comm","courses":["java"]},{"id":102,"firstName":"ganesh","lastName":"kunjir","email":"59880gk@gmail.com","programme":"math","courses":["c++"]},{"id":103,"firstName":"manoj","lastName":"kunjir","email":"53604mk@gmail.com","programme":"business comm","courses":["java"]},{"id":104,"firstName":"ganesh","lastName":"kunjir","email":"85188gk@gmail.com","programme":"math","courses":["c++"]},{"id":105,"firstName":"manoj","lastName":"kunjir","email":"51675mk@gmail.com","programme":"business comm","courses":["java"]},{"id":106,"firstName":"ganesh","lastName":"kunjir","email":"35865gk@gmail.com","programme":"math","courses":["c++"]}]"
19:16:24.168 [main] DEBUG org.apache.http.wire -  << "[\r][\n]"
19:16:24.168 [main] DEBUG org.apache.http.wire -  << "0[\r][\n]"
19:16:24.168 [main] DEBUG org.apache.http.wire -  << "[\r][\n]"
19:16:24.168 [main] DEBUG o.a.h.i.c.BasicClientConnectionManager - Releasing connection org.apache.http.impl.conn.ManagedClientConnectionImpl@5d32c1c7
19:16:24.168 [main] DEBUG o.a.h.i.c.BasicClientConnectionManager - Connection can be kept alive indefinitely
19:16:24.322 [main] INFO   - 
  _____   ___   ___   _____     ___     _     ___   ___   ___   ___  
 |_   _| | __| / __| |_   _|   | _ \   /_\   / __| / __| | __| |   \ 
   | |   | _|  \__ \   | |     |  _/  / _ \  \__ \ \__ \ | _|  | |) |
   |_|   |___| |___/   |_|     |_|   /_/ \_\ |___/ |___/ |___| |___/ 

Check if the Student Application can be accessed by the user
----------------------------------------------------------------------
]]></system-out>
  </testcase>
  <testcase name="Create a new student and verify if the student is added #1" classname="Testing different Requests on the Student Application" time="1.721">
    <system-out><![CDATA[19:16:24.371 [main] DEBUG i.c.core.plugin.SerenityReporter - Running feature from file:///C:/Users/DynaPar/eclipse-workspace/StudentApplication/src/test/resources/feature/student.feature
19:16:24.371 [main] WARN  i.c.core.plugin.SerenityReporter - Feature from file:///C:/Users/DynaPar/eclipse-workspace/StudentApplication/src/test/resources/feature/student.feature is not under the 'features' directory. Requirements report will not be correctly generated!
19:16:24.396 [main] INFO   - 
  _____   ___   ___   _____     ___   _____     _     ___   _____   ___   ___  
 |_   _| | __| / __| |_   _|   / __| |_   _|   /_\   | _ \ |_   _| | __| |   \ 
   | |   | _|  \__ \   | |     \__ \   | |    / _ \  |   /   | |   | _|  | |) |
   |_|   |___| |___/   |_|     |___/   |_|   /_/ \_\ |_|_\   |_|   |___| |___/ 

Create a new student and verify if the student is added(testing-different-requests-on-the-student-application;create-a-new-student-and-verify-if-the-student-is-added)
--------------------------------------------------------------------------------
19:16:24.445 [main] DEBUG n.t.core.steps.StepInterceptor - STARTING STEP: StudentSteps.createStudent - Creating student with FirstName: {0}, LastName: {1}, Email: {2}, Programme: {3}, Courses: {4}
19:16:25.077 [main] DEBUG o.a.h.i.c.BasicClientConnectionManager - Get connection for route {}->http://localhost:8085
19:16:25.078 [main] DEBUG o.a.h.i.c.DefaultClientConnectionOperator - Connecting to localhost:8085
19:16:25.081 [main] DEBUG o.a.h.c.protocol.RequestAddCookies - CookieSpec selected: ignoreCookies
19:16:25.082 [main] DEBUG o.a.h.c.protocol.RequestAuthCache - Auth cache not set in the context
19:16:25.082 [main] DEBUG o.a.h.c.p.RequestTargetAuthentication - Target auth state: UNCHALLENGED
19:16:25.082 [main] DEBUG o.a.h.c.p.RequestProxyAuthentication - Proxy auth state: UNCHALLENGED
19:16:25.082 [main] DEBUG o.a.h.impl.client.DefaultHttpClient - Attempt 1 to execute request
19:16:25.082 [main] DEBUG o.a.h.i.conn.DefaultClientConnection - Sending request: POST /student HTTP/1.1
19:16:25.083 [main] DEBUG org.apache.http.wire -  >> "POST /student HTTP/1.1[\r][\n]"
19:16:25.083 [main] DEBUG org.apache.http.wire -  >> "Accept: */*[\r][\n]"
19:16:25.083 [main] DEBUG org.apache.http.wire -  >> "Content-Type: application/json; charset=UTF-8[\r][\n]"
19:16:25.083 [main] DEBUG org.apache.http.wire -  >> "Content-Length: 123[\r][\n]"
19:16:25.083 [main] DEBUG org.apache.http.wire -  >> "Host: localhost:8085[\r][\n]"
19:16:25.083 [main] DEBUG org.apache.http.wire -  >> "Connection: Keep-Alive[\r][\n]"
19:16:25.083 [main] DEBUG org.apache.http.wire -  >> "User-Agent: Apache-HttpClient/4.5.13 (Java/11.0.20)[\r][\n]"
19:16:25.083 [main] DEBUG org.apache.http.wire -  >> "Accept-Encoding: gzip,deflate[\r][\n]"
19:16:25.083 [main] DEBUG org.apache.http.wire -  >> "[\r][\n]"
19:16:25.083 [main] DEBUG org.apache.http.headers - >> POST /student HTTP/1.1
19:16:25.083 [main] DEBUG org.apache.http.headers - >> Accept: */*
19:16:25.083 [main] DEBUG org.apache.http.headers - >> Content-Type: application/json; charset=UTF-8
19:16:25.083 [main] DEBUG org.apache.http.headers - >> Content-Length: 123
19:16:25.084 [main] DEBUG org.apache.http.headers - >> Host: localhost:8085
19:16:25.084 [main] DEBUG org.apache.http.headers - >> Connection: Keep-Alive
19:16:25.084 [main] DEBUG org.apache.http.headers - >> User-Agent: Apache-HttpClient/4.5.13 (Java/11.0.20)
19:16:25.084 [main] DEBUG org.apache.http.headers - >> Accept-Encoding: gzip,deflate
19:16:25.084 [main] DEBUG org.apache.http.wire -  >> "{"id":0,"firstName":"manoj","lastName":"kunjir","email":"73726mk@gmail.com","programme":"business comm","courses":["java"]}"
19:16:25.096 [main] DEBUG org.apache.http.wire -  << "HTTP/1.1 201 [\r][\n]"
19:16:25.096 [main] DEBUG org.apache.http.wire -  << "Location: http://localhost:8085/student/0[\r][\n]"
19:16:25.096 [main] DEBUG org.apache.http.wire -  << "Content-Type: application/json;charset=UTF-8[\r][\n]"
19:16:25.096 [main] DEBUG org.apache.http.wire -  << "Transfer-Encoding: chunked[\r][\n]"
19:16:25.096 [main] DEBUG org.apache.http.wire -  << "Date: Fri, 24 Nov 2023 13:46:25 GMT[\r][\n]"
19:16:25.096 [main] DEBUG org.apache.http.wire -  << "[\r][\n]"
19:16:25.096 [main] DEBUG o.a.h.i.conn.DefaultClientConnection - Receiving response: HTTP/1.1 201 
19:16:25.096 [main] DEBUG org.apache.http.headers - << HTTP/1.1 201 
19:16:25.096 [main] DEBUG org.apache.http.headers - << Location: http://localhost:8085/student/0
19:16:25.096 [main] DEBUG org.apache.http.headers - << Content-Type: application/json;charset=UTF-8
19:16:25.096 [main] DEBUG org.apache.http.headers - << Transfer-Encoding: chunked
19:16:25.096 [main] DEBUG org.apache.http.headers - << Date: Fri, 24 Nov 2023 13:46:25 GMT
19:16:25.097 [main] DEBUG o.a.h.impl.client.DefaultHttpClient - Connection can be kept alive indefinitely
19:16:25.097 [main] DEBUG i.r.i.RequestSpecificationImpl$RestAssuredHttpBuilder - Parsing response as: application/json;charset=UTF-8
19:16:25.097 [main] DEBUG i.r.i.RequestSpecificationImpl$RestAssuredHttpBuilder - Parsed data to instance of: class org.apache.http.conn.EofSensorInputStream
19:16:25.101 [main] DEBUG org.apache.http.wire -  << "17[\r][\n]"
19:16:25.101 [main] DEBUG org.apache.http.wire -  << "{"msg":"Student added"}"
19:16:25.101 [main] DEBUG org.apache.http.wire -  << "[\r][\n]"
19:16:25.102 [main] DEBUG org.apache.http.wire -  << "0[\r][\n]"
19:16:25.102 [main] DEBUG org.apache.http.wire -  << "[\r][\n]"
19:16:25.102 [main] DEBUG o.a.h.i.c.BasicClientConnectionManager - Releasing connection org.apache.http.impl.conn.ManagedClientConnectionImpl@2d8087da
19:16:25.102 [main] DEBUG o.a.h.i.c.BasicClientConnectionManager - Connection can be kept alive indefinitely
19:16:25.104 [main] DEBUG n.t.core.steps.StepInterceptor - STEP DONE: Creating student with FirstName: {0}, LastName: {1}, Email: {2}, Programme: {3}, Courses: {4}
19:16:25.114 [main] DEBUG n.t.core.steps.StepInterceptor - STARTING STEP: StudentSteps.verifyStudent - Getting Student information with email: {0}
19:16:25.136 [main] DEBUG o.a.h.i.c.BasicClientConnectionManager - Get connection for route {}->http://localhost:8085
19:16:25.136 [main] DEBUG o.a.h.i.c.DefaultClientConnectionOperator - Connecting to localhost:8085
19:16:25.137 [main] DEBUG o.a.h.c.protocol.RequestAddCookies - CookieSpec selected: ignoreCookies
19:16:25.137 [main] DEBUG o.a.h.c.protocol.RequestAuthCache - Auth cache not set in the context
19:16:25.137 [main] DEBUG o.a.h.c.p.RequestTargetAuthentication - Target auth state: UNCHALLENGED
19:16:25.137 [main] DEBUG o.a.h.c.p.RequestProxyAuthentication - Proxy auth state: UNCHALLENGED
19:16:25.137 [main] DEBUG o.a.h.impl.client.DefaultHttpClient - Attempt 1 to execute request
19:16:25.137 [main] DEBUG o.a.h.i.conn.DefaultClientConnection - Sending request: GET /student/list HTTP/1.1
19:16:25.137 [main] DEBUG org.apache.http.wire -  >> "GET /student/list HTTP/1.1[\r][\n]"
19:16:25.137 [main] DEBUG org.apache.http.wire -  >> "Accept: */*[\r][\n]"
19:16:25.138 [main] DEBUG org.apache.http.wire -  >> "Host: localhost:8085[\r][\n]"
19:16:25.138 [main] DEBUG org.apache.http.wire -  >> "Connection: Keep-Alive[\r][\n]"
19:16:25.138 [main] DEBUG org.apache.http.wire -  >> "User-Agent: Apache-HttpClient/4.5.13 (Java/11.0.20)[\r][\n]"
19:16:25.138 [main] DEBUG org.apache.http.wire -  >> "Accept-Encoding: gzip,deflate[\r][\n]"
19:16:25.138 [main] DEBUG org.apache.http.wire -  >> "[\r][\n]"
19:16:25.138 [main] DEBUG org.apache.http.headers - >> GET /student/list HTTP/1.1
19:16:25.138 [main] DEBUG org.apache.http.headers - >> Accept: */*
19:16:25.138 [main] DEBUG org.apache.http.headers - >> Host: localhost:8085
19:16:25.138 [main] DEBUG org.apache.http.headers - >> Connection: Keep-Alive
19:16:25.138 [main] DEBUG org.apache.http.headers - >> User-Agent: Apache-HttpClient/4.5.13 (Java/11.0.20)
19:16:25.138 [main] DEBUG org.apache.http.headers - >> Accept-Encoding: gzip,deflate
19:16:25.171 [main] DEBUG org.apache.http.wire -  << "HTTP/1.1 200 [\r][\n]"
19:16:25.171 [main] DEBUG org.apache.http.wire -  << "Content-Type: application/json;charset=UTF-8[\r][\n]"
19:16:25.171 [main] DEBUG org.apache.http.wire -  << "Transfer-Encoding: chunked[\r][\n]"
19:16:25.171 [main] DEBUG org.apache.http.wire -  << "Date: Fri, 24 Nov 2023 13:46:25 GMT[\r][\n]"
19:16:25.171 [main] DEBUG org.apache.http.wire -  << "[\r][\n]"
19:16:25.171 [main] DEBUG o.a.h.i.conn.DefaultClientConnection - Receiving response: HTTP/1.1 200 
19:16:25.171 [main] DEBUG org.apache.http.headers - << HTTP/1.1 200 
19:16:25.171 [main] DEBUG org.apache.http.headers - << Content-Type: application/json;charset=UTF-8
19:16:25.171 [main] DEBUG org.apache.http.headers - << Transfer-Encoding: chunked
19:16:25.171 [main] DEBUG org.apache.http.headers - << Date: Fri, 24 Nov 2023 13:46:25 GMT
19:16:25.171 [main] DEBUG o.a.h.impl.client.DefaultHttpClient - Connection can be kept alive indefinitely
19:16:25.171 [main] DEBUG i.r.i.RequestSpecificationImpl$RestAssuredHttpBuilder - Parsing response as: application/json;charset=UTF-8
19:16:25.171 [main] DEBUG i.r.i.RequestSpecificationImpl$RestAssuredHttpBuilder - Parsed data to instance of: class org.apache.http.conn.EofSensorInputStream
19:16:25.178 [main] DEBUG org.apache.http.wire -  << "2000[\r][\n]"
19:16:25.179 [main] DEBUG org.apache.http.wire -  << "[{"id":1,"firstName":"Vernon","lastName":"Harper","email":"egestas.rhoncus.Proin@massaQuisqueporttitor.org","programme":"Financial Analysis","courses":["Accounting","Statistics"]},{"id":2,"firstName":"Murphy","lastName":"Holmes","email":"faucibus.orci.luctus@Duisac.net","programme":"Financial Analysis","courses":["Accounting","Statistics"]},{"id":3,"firstName":"Reece","lastName":"Jason","email":"tincidunt.dui@ultricessit.co.uk","programme":"Computer Science","courses":["Calculus","Algorithms","Software Development","Ethics"]},{"id":4,"firstName":"Orson","lastName":"Armando","email":"nascetur@conguea.com","programme":"Computer Science","courses":["Calculus","Algorithms","Software Development","Ethics"]},{"id":5,"firstName":"Cullen","lastName":"Craig","email":"imperdiet.ullamcorper@nonenimMauris.co.uk","programme":"Disaster Management","courses":["Disaster Preparedness"]},{"id":6,"firstName":"Harper","lastName":"Rashad","email":"vestibulum@ridiculusmus.edu","programme":"Disaster Management","courses":["Disaster Preparedness"]},{"id":7,"firstName":"Roth","lastName":"Grant","email":"eu.tellus@anuncIn.edu","programme":"Mechanical Engineering","courses":["Machine Element Design","Engineering Analysis I","Calculus & Linear Algebra I "]},{"id":8,"firstName":"Jermaine","lastName":"Alden","email":"scelerisque.sed@senectuset.org","programme":"Law","courses":["Criminal Law","Constitutional Law","Property Law","Contracts"]},{"id":9,"firstName":"Sebastian","lastName":"Jesse","email":"faucibus@sed.co.uk","programme":"Medicine","courses":["Anatomy","Biochemistry","Genetics","Human Behavior."]},{"id":10,"firstName":"Todd","lastName":"Beck","email":"Fusce.dolor.quam@commodoauctor.org","programme":"Financial Analysis","courses":["Accounting","Statistics"]},{"id":11,"firstName":"Giacomo","lastName":"Raphael","email":"magnis.dis@idmagnaet.com","programme":"Medicine","courses":["Anatomy","Biochemistry","Genetics","Human Behavior."]},{"id":12,"firstName":"Chadwick","lastName":"Lawrence","email":"turpis.non.enim@sociisnatoque.com","programme":"Criminology","courses":["Criminal Mind","Gender, Crime and Justice ","Philosophy of Law "]},{"id":13,"firstName":"Zachary","lastName":"Vance","email":"In.tincidunt.congue@Quisque.com","programme":"Criminology","courses":["Criminal Mind","Gender, Crime and Justice ","Philosophy of Law "]},{"id":14,"firstName":"Denton","lastName":"Walker","email":"Integer.sem@iaculisodioNam.edu","programme":"Mechanical Engineering","courses":["Machine Element Design","Engineering Analysis I","Calculus & Linear Algebra I "]},{"id":15,"firstName":"Hakeem","lastName":"Fitzgerald","email":"accumsan@luctuset.edu","programme":"Financial Analysis","courses":["Accounting","Statistics"]},{"id":16,"firstName":"Jakeem","lastName":"Philip","email":"montes.nascetur.ridiculus@loremDonec.com","programme":"Mechanical Engineering","courses":["Machine Element Design","Engineering Analysis I","Calculus & Linear Algebra I "]},{"id":17,"firstName":"Amal","lastName":"Emery","email":"turpis.egestas.Aliquam@fermentum.net","programme":"Computer Science","courses":["Calculus","Algorithms","Software Development","Ethics"]},{"id":18,"firstName":"Reed","lastName":"Wylie","email":"Suspendisse.aliquet.sem@atrisus.org","programme":"Medicine","courses":["Anatomy","Biochemistry","Genetics","Human Behavior."]},{"id":19,"firstName":"Lev","lastName":"Philip","email":"dolor.elit.pellentesque@enimEtiamimperdiet.ca","programme":"Computer Science","courses":["Calculus","Algorithms","Software Development","Ethics"]},{"id":20,"firstName":"Lamar","lastName":"Berk","email":"leo.Vivamus@sit.org","programme":"Medicine","courses":["Anatomy","Biochemistry","Genetics","Human Behavior."]},{"id":21,"firstName":"Nathaniel","lastName":"Colton","email":"hendrerit@et.co.uk","programme":"Medicine","courses":["Anatomy","Biochemistry","Genetics","Human Behavior."]},{"id":22,"firstName":"Kennan","lastName":"Jacob","email":"vel.vulputate@vitaedolorDonec.ca","programme":"Financial Analysis","courses":["Accounting","Statistics"]},{"id":23,"firstName":"Omar","lastName":"Colt","email":"venenatis.a@Pellentesque.co.uk","programme":"Mechanical Engineering","courses":["Machine Element Design","Engineering Analysis I","Calculus & Linear Algebra I "]},{"id":24,"firstName":"Tanek","lastName":"Scott","email":"Sed.malesuada@porttitoreros.ca","programme":"Criminology","courses":["Criminal Mind","Gender, Crime and Justice ","Philosophy of Law "]},{"id":25,"firstName":"Paki","lastName":"Samson","email":"ornare@Mauriseuturpis.edu","programme":"Law","courses":["Criminal Law","Constitutional Law","Property Law","Contracts"]},{"id":26,"firstName":"James","lastName":"Jonah","email":"Nullam@Cras.net","programme":"Mechanical Engineering","courses":["Machine Element Design","Engineering Analysis I","Calculus & Linear Algebra I "]},{"id":27,"firstName":"Cade","lastName":"Vernon","email":"pharetra.sed@Aliquamvulputateullamcorper.ca","programme":"Mechanical Engineering","courses":["Machine Element Design","Engineering Analysis I","Calculus & Linear Algebra I "]},{"id":28,"firstName":"Quentin","lastName":"Chadwick","email":"sed.turpis.nec@risusQuisque.ca","programme":"Mechanical Engineering","courses":["Machine Element Design","Engineering Analysis I","Calculus & Linear Algebra I "]},{"id":29,"firstName":"Arden","lastName":"Abel","email":"consequat.enim@ultricessit.com","programme":"Law","courses":["Criminal Law","Constitutional Law","Property Law","Contracts"]},{"id":30,"firstName":"Lars","lastName":"Keith","email":"Fusce@Quisquefringillaeuismod.org","programme":"Medicine","courses":["Anatomy","Biochemistry","Genetics","Human Behavior."]},{"id":31,"firstName":"Emmanuel","lastName":"Gavin","email":"ornare.libero@perinceptoshymenaeos.co.uk","programme":"Criminology","courses":["Criminal Mind","Gender, Crime and Justice ","Philosophy of Law "]},{"id":32,"firstName":"Noah","lastName":"Oren","email":"Proin.vel@placerat.org","programme":"Law","courses":["Criminal Law","Constitutional Law","Property Law","Contracts"]},{"id":33,"firstName":"Mason","lastName":"Barry","email":"id@incursus.co.uk","programme":"Law","courses":["Criminal Law","Constitutional Law","Property Law","Contracts"]},{"id":34,"firstName":"Elliott","lastName":"Brady","email":"Vestibulum@adlitora.net","programme":"Law","courses":["Criminal Law","Constitutional Law","Property Law","Contracts"]},{"id":35,"firstName":"Nero","lastName":"Brett","email":"amet.ante@sit.com","programme":"Disaster Management","courses":["Disaster Preparedness"]},{"id":36,"firstName":"Elvis","lastName":"Abraham","email":"neque@interdumfeugiat.net","programme":"Disaster Management","courses":["Disaster Preparedness"]},{"id":37,"firstName":"Kieran","lastName":"Ross","email":"magnis.dis.parturient@laciniaorci.edu","programme":"Disaster Management","courses":["Disaster Preparedness"]},{"id":38,"firstName":"Noah","lastName":"Merrill","email":"et@ipsum.net","programme":"Medicine","courses":["Anatomy","Biochemistry","Genetics","Human Behavior."]},{"id":39,"firstName":"Peter","lastName":"Noble","email":"turpis@sagittisplaceratCras.ca","programme":"Computer Science","courses":["Calculus","Algorithms","Software Development","Ethics"]},{"id":40,"firstName":"Axel","lastName":"Bradley","email":"ridiculus.mus@tempus.net","programme":"Mechanical Engineering","courses":["Machine Element Design","Engineering Analysis I","Calculus & Linear Algebra I "]},{"id":41,"firstName":"Hashim","lastName":"Chancellor","email":"at.pretium@eleifendvitae.net","programme":"Medicine","courses":["Anatomy","Biochemistry","Genetics","Human Behavior."]},{"id":42,"firstName":"Alan","lastName":"Connor","email":"vel.turpis.Aliquam@metus.org","programme":"Mechanical Engineering","courses":["Machine Element Design","Engineering Analysis I","Calculus & Linear Algebra I "]},{"id":43,"firstName":"Abel","lastName":"Rudyard","email":"orci.luctus.et@posuere.com","programme":"Computer Science","courses":["Calculus","Algorithms","Software Development","Ethics"]},{"id":44,"firstName":"Cedric","lastName":"Zeus","em"
19:16:25.184 [main] DEBUG org.apache.http.wire -  << "ail":"Quisque.tincidunt@nullaanteiaculis.co.uk","programme":"Law","courses":["Criminal Law","Constitutional Law","Property Law","Contr"
19:16:25.184 [main] DEBUG org.apache.http.wire -  << "[\r][\n]"
19:16:25.184 [main] DEBUG org.apache.http.wire -  << "2000[\r][\n]"
19:16:25.185 [main] DEBUG org.apache.http.wire -  << "acts"]},{"id":45,"firstName":"Boris","lastName":"Kato","email":"dictum@tortorInteger.org","programme":"Medicine","courses":["Anatomy","Biochemistry","Genetics","Human Behavior."]},{"id":46,"firstName":"Walter","lastName":"Phelan","email":"diam@nectellusNunc.edu","programme":"Law","courses":["Criminal Law","Constitutional Law","Property Law","Contracts"]},{"id":47,"firstName":"Preston","lastName":"Branden","email":"sagittis.semper@urnaNullam.net","programme":"Criminology","courses":["Criminal Mind","Gender, Crime and Justice ","Philosophy of Law "]},{"id":48,"firstName":"Kane","lastName":"Alec","email":"dignissim.Maecenas.ornare@adui.edu","programme":"Law","courses":["Criminal Law","Constitutional Law","Property Law","Contracts"]},{"id":49,"firstName":"Igor","lastName":"Ezra","email":"cursus.non.egestas@laciniaorci.net","programme":"Criminology","courses":["Criminal Mind","Gender, Crime and Justice ","Philosophy of Law "]},{"id":50,"firstName":"Yoshio","lastName":"Kato","email":"Vivamus.rhoncus@semutcursus.ca","programme":"Disaster Management","courses":["Disaster Preparedness"]},{"id":51,"firstName":"Fletcher","lastName":"Vance","email":"orci.lacus@hendreritDonecporttitor.net","programme":"Computer Science","courses":["Calculus","Algorithms","Software Development","Ethics"]},{"id":52,"firstName":"Burton","lastName":"Merrill","email":"mauris@malesuada.ca","programme":"Law","courses":["Criminal Law","Constitutional Law","Property Law","Contracts"]},{"id":53,"firstName":"Rafael","lastName":"Vladimir","email":"mauris.ipsum.porta@sit.ca","programme":"Law","courses":["Criminal Law","Constitutional Law","Property Law","Contracts"]},{"id":54,"firstName":"Dolan","lastName":"Hyatt","email":"augue.malesuada@Pellentesqueut.net","programme":"Computer Science","courses":["Calculus","Algorithms","Software Development","Ethics"]},{"id":55,"firstName":"Driscoll","lastName":"Russell","email":"Lorem.ipsum.dolor@eu.co.uk","programme":"Computer Science","courses":["Calculus","Algorithms","Software Development","Ethics"]},{"id":56,"firstName":"Boris","lastName":"Dexter","email":"purus@mollis.co.uk","programme":"Law","courses":["Criminal Law","Constitutional Law","Property Law","Contracts"]},{"id":57,"firstName":"Maxwell","lastName":"Tarik","email":"pharetra.Quisque.ac@facilisisSuspendisse.edu","programme":"Criminology","courses":["Criminal Mind","Gender, Crime and Justice ","Philosophy of Law "]},{"id":58,"firstName":"Nero","lastName":"Ulysses","email":"inceptos.hymenaeos.Mauris@Proin.edu","programme":"Financial Analysis","courses":["Accounting","Statistics"]},{"id":59,"firstName":"Chase","lastName":"Laith","email":"ridiculus.mus.Donec@netus.org","programme":"Mechanical Engineering","courses":["Machine Element Design","Engineering Analysis I","Calculus & Linear Algebra I "]},{"id":60,"firstName":"Dominic","lastName":"Malcolm","email":"mi.felis.adipiscing@liberoettristique.edu","programme":"Criminology","courses":["Criminal Mind","Gender, Crime and Justice ","Philosophy of Law "]},{"id":61,"firstName":"Ross","lastName":"Hedley","email":"Ut.tincidunt.vehicula@nuncidenim.edu","programme":"Criminology","courses":["Criminal Mind","Gender, Crime and Justice ","Philosophy of Law "]},{"id":62,"firstName":"Abel","lastName":"Garrett","email":"rhoncus@sociisnatoquepenatibus.ca","programme":"Financial Analysis","courses":["Accounting","Statistics"]},{"id":63,"firstName":"Nero","lastName":"Clarke","email":"eget.metus.In@disparturientmontes.org","programme":"Computer Science","courses":["Calculus","Algorithms","Software Development","Ethics"]},{"id":64,"firstName":"Thane","lastName":"Carl","email":"ut.nulla@netuset.co.uk","programme":"Criminology","courses":["Criminal Mind","Gender, Crime and Justice ","Philosophy of Law "]},{"id":65,"firstName":"Jerome","lastName":"Jackson","email":"ac.turpis@facilisislorem.net","programme":"Computer Science","courses":["Calculus","Algorithms","Software Development","Ethics"]},{"id":66,"firstName":"Tate","lastName":"Martin","email":"ante.blandit@semeget.org","programme":"Law","courses":["Criminal Law","Constitutional Law","Property Law","Contracts"]},{"id":67,"firstName":"Caldwell","lastName":"Daniel","email":"lobortis@nequevenenatislacus.net","programme":"Medicine","courses":["Anatomy","Biochemistry","Genetics","Human Behavior."]},{"id":68,"firstName":"Lucian","lastName":"Holmes","email":"Cras@lorem.org","programme":"Medicine","courses":["Anatomy","Biochemistry","Genetics","Human Behavior."]},{"id":69,"firstName":"Akeem","lastName":"Herrod","email":"vel.venenatis@Nullamvelit.com","programme":"Disaster Management","courses":["Disaster Preparedness"]},{"id":70,"firstName":"Vance","lastName":"Colin","email":"quam.vel.sapien@vellectusCum.org","programme":"Disaster Management","courses":["Disaster Preparedness"]},{"id":71,"firstName":"Austin","lastName":"Jelani","email":"Nulla@nuncid.net","programme":"Medicine","courses":["Anatomy","Biochemistry","Genetics","Human Behavior."]},{"id":72,"firstName":"Jackson","lastName":"Honorato","email":"In@vestibulumlorem.com","programme":"Criminology","courses":["Criminal Mind","Gender, Crime and Justice ","Philosophy of Law "]},{"id":73,"firstName":"Lee","lastName":"Acton","email":"rutrum@mattis.org","programme":"Mechanical Engineering","courses":["Machine Element Design","Engineering Analysis I","Calculus & Linear Algebra I "]},{"id":74,"firstName":"Aquila","lastName":"Sylvester","email":"Aliquam.ultrices.iaculis@duiquisaccumsan.co.uk","programme":"Criminology","courses":["Criminal Mind","Gender, Crime and Justice ","Philosophy of Law "]},{"id":75,"firstName":"Baker","lastName":"Cairo","email":"fermentum@diam.com","programme":"Financial Analysis","courses":["Accounting","Statistics"]},{"id":76,"firstName":"Samuel","lastName":"Kibo","email":"semper@enimcommodohendrerit.co.uk","programme":"Criminology","courses":["Criminal Mind","Gender, Crime and Justice ","Philosophy of Law "]},{"id":77,"firstName":"Byron","lastName":"Warren","email":"enim.Etiam.imperdiet@sitamet.ca","programme":"Mechanical Engineering","courses":["Machine Element Design","Engineering Analysis I","Calculus & Linear Algebra I "]},{"id":78,"firstName":"Declan","lastName":"Barclay","email":"Proin.nisl.sem@Aliquamnecenim.org","programme":"Mechanical Engineering","courses":["Machine Element Design","Engineering Analysis I","Calculus & Linear Algebra I "]},{"id":79,"firstName":"Robert","lastName":"Cullen","email":"in.dolor@pede.co.uk","programme":"Disaster Management","courses":["Disaster Preparedness"]},{"id":80,"firstName":"Troy","lastName":"Simon","email":"Cras.vulputate.velit@ornare.org","programme":"Criminology","courses":["Criminal Mind","Gender, Crime and Justice ","Philosophy of Law "]},{"id":81,"firstName":"Tiger","lastName":"Wylie","email":"risus.quis.diam@Proin.ca","programme":"Disaster Management","courses":["Disaster Preparedness"]},{"id":82,"firstName":"Herrod","lastName":"Adam","email":"hendrerit.neque@a.co.uk","programme":"Medicine","courses":["Anatomy","Biochemistry","Genetics","Human Behavior."]},{"id":83,"firstName":"Yuli","lastName":"Griffin","email":"ipsum.non@vitae.co.uk","programme":"Criminology","courses":["Criminal Mind","Gender, Crime and Justice ","Philosophy of Law "]},{"id":84,"firstName":"Chancellor","lastName":"Ali","email":"ultrices@Nullam.net","programme":"Medicine","courses":["Anatomy","Biochemistry","Genetics","Human Behavior."]},{"id":85,"firstName":"Charles","lastName":"Randall","email":"ipsum.porta.elit@morbitristique.net","programme":"Law","courses":["Criminal Law","Constitutional Law","Property Law","Contracts"]},{"id":86,"firstName":"Lucius","lastName":"Gage","email":"auctor.vitae.aliquet@parturient.org","programme":"Disaster Management","courses":["Disaster Preparedness"]},{"id":87,"firstName":"Richard","lastName":"Dane","email":"Nulla.eget@musDonecdignissim.co.uk","programme":"Mechanical Engineering","courses":["Machine Element Design","Engineering Analysis I","Calculus & Linear Algebra I "]},{"id":88,"firstName":"Addison","lastName":"Jermaine","email":"est.Maur"
19:16:25.185 [main] DEBUG org.apache.http.wire -  << "is@et.co.uk","programme":"Disaster Management","courses":["Disaster Preparedness"]},{"id":89,"firstName":"Acton","lastName":"Elliott","email":"
19:16:25.186 [main] DEBUG org.apache.http.wire -  << "[\r][\n]"
19:16:25.186 [main] DEBUG org.apache.http.wire -  << "be9[\r][\n]"
19:16:25.186 [main] DEBUG org.apache.http.wire -  << ""sem.eget@posuerecubiliaCurae.ca","programme":"Medicine","courses":["Anatomy","Biochemistry","Genetics","Human Behavior."]},{"id":90,"firstName":"Channing","lastName":"Howard","email":"est.congue@velit.com","programme":"Medicine","courses":["Anatomy","Biochemistry","Genetics","Human Behavior."]},{"id":91,"firstName":"Darius","lastName":"Nehru","email":"risus.varius.orci@sitamet.edu","programme":"Medicine","courses":["Anatomy","Biochemistry","Genetics","Human Behavior."]},{"id":92,"firstName":"Walter","lastName":"Arsenio","email":"a.ultricies@duiFusce.edu","programme":"Financial Analysis","courses":["Accounting","Statistics"]},{"id":93,"firstName":"Dieter","lastName":"Matthew","email":"a@pretium.ca","programme":"Mechanical Engineering","courses":["Machine Element Design","Engineering Analysis I","Calculus & Linear Algebra I "]},{"id":94,"firstName":"Evan","lastName":"Yoshio","email":"sapien.gravida.non@noncursus.com","programme":"Financial Analysis","courses":["Accounting","Statistics"]},{"id":95,"firstName":"Hamilton","lastName":"Dennis","email":"luctus.lobortis@nonbibendumsed.com","programme":"Mechanical Engineering","courses":["Machine Element Design","Engineering Analysis I","Calculus & Linear Algebra I "]},{"id":96,"firstName":"Gavin","lastName":"Driscoll","email":"lacinia.mattis@risusDonec.net","programme":"Medicine","courses":["Anatomy","Biochemistry","Genetics","Human Behavior."]},{"id":97,"firstName":"Brendan","lastName":"Allistair","email":"Nunc.laoreet@Sed.ca","programme":"Computer Science","courses":["Calculus","Algorithms","Software Development","Ethics"]},{"id":98,"firstName":"Gary","lastName":"Robert","email":"molestie@vitaesemper.ca","programme":"Computer Science","courses":["Calculus","Algorithms","Software Development","Ethics"]},{"id":99,"firstName":"Fletcher","lastName":"Brenden","email":"semper@nequesed.co.uk","programme":"Computer Science","courses":["Calculus","Algorithms","Software Development","Ethics"]},{"id":100,"firstName":"Oscar","lastName":"Barclay","email":"non.ante.bibendum@risusDonecegestas.edu","programme":"Mechanical Engineering","courses":["Machine Element Design","Engineering Analysis I","Calculus & Linear Algebra I "]},{"id":101,"firstName":"manoj","lastName":"kunjir","email":"84667mk@gmail.com","programme":"business comm","courses":["java"]},{"id":102,"firstName":"ganesh","lastName":"kunjir","email":"59880gk@gmail.com","programme":"math","courses":["c++"]},{"id":103,"firstName":"manoj","lastName":"kunjir","email":"53604mk@gmail.com","programme":"business comm","courses":["java"]},{"id":104,"firstName":"ganesh","lastName":"kunjir","email":"85188gk@gmail.com","programme":"math","courses":["c++"]},{"id":105,"firstName":"manoj","lastName":"kunjir","email":"51675mk@gmail.com","programme":"business comm","courses":["java"]},{"id":106,"firstName":"ganesh","lastName":"kunjir","email":"35865gk@gmail.com","programme":"math","courses":["c++"]},{"id":107,"firstName":"manoj","lastName":"kunjir","email":"73726mk@gmail.com","programme":"business comm","courses":["java"]}]"
19:16:25.186 [main] DEBUG org.apache.http.wire -  << "[\r][\n]"
19:16:25.186 [main] DEBUG org.apache.http.wire -  << "0[\r][\n]"
19:16:25.186 [main] DEBUG org.apache.http.wire -  << "[\r][\n]"
19:16:25.186 [main] DEBUG o.a.h.i.c.BasicClientConnectionManager - Releasing connection org.apache.http.impl.conn.ManagedClientConnectionImpl@1c79d093
19:16:25.187 [main] DEBUG o.a.h.i.c.BasicClientConnectionManager - Connection can be kept alive indefinitely
19:16:25.256 [Finalizer] DEBUG o.a.h.i.conn.DefaultClientConnection - Connection 0.0.0.0:52738<->127.0.0.1:8085 closed
19:16:25.264 [Finalizer] DEBUG o.a.h.i.conn.DefaultClientConnection - Connection 0.0.0.0:52739<->127.0.0.1:8085 closed
19:16:26.051 [main] DEBUG n.t.core.steps.StepInterceptor - STEP DONE: Getting Student information with email: {0}
19:16:26.063 [main] INFO   - 
  _____   ___   ___   _____     ___     _     ___   ___   ___   ___  
 |_   _| | __| / __| |_   _|   | _ \   /_\   / __| / __| | __| |   \ 
   | |   | _|  \__ \   | |     |  _/  / _ \  \__ \ \__ \ | _|  | |) |
   |_|   |___| |___/   |_|     |_|   /_/ \_\ |___/ |___/ |___| |___/ 

Create a new student and verify if the student is added
----------------------------------------------------------------------
]]></system-out>
  </testcase>
  <testcase name="Create a new student and verify if the student is added #2" classname="Testing different Requests on the Student Application" time="0.264">
    <system-out><![CDATA[19:16:26.094 [main] DEBUG i.c.core.plugin.SerenityReporter - Running feature from file:///C:/Users/DynaPar/eclipse-workspace/StudentApplication/src/test/resources/feature/student.feature
19:16:26.094 [main] WARN  i.c.core.plugin.SerenityReporter - Feature from file:///C:/Users/DynaPar/eclipse-workspace/StudentApplication/src/test/resources/feature/student.feature is not under the 'features' directory. Requirements report will not be correctly generated!
19:16:26.117 [main] DEBUG n.t.core.steps.StepInterceptor - STARTING STEP: StudentSteps.createStudent - Creating student with FirstName: {0}, LastName: {1}, Email: {2}, Programme: {3}, Courses: {4}
19:16:26.157 [main] DEBUG o.a.h.i.c.BasicClientConnectionManager - Get connection for route {}->http://localhost:8085
19:16:26.157 [main] DEBUG o.a.h.i.c.DefaultClientConnectionOperator - Connecting to localhost:8085
19:16:26.159 [main] DEBUG o.a.h.c.protocol.RequestAddCookies - CookieSpec selected: ignoreCookies
19:16:26.160 [main] DEBUG o.a.h.c.protocol.RequestAuthCache - Auth cache not set in the context
19:16:26.160 [main] DEBUG o.a.h.c.p.RequestTargetAuthentication - Target auth state: UNCHALLENGED
19:16:26.161 [main] DEBUG o.a.h.c.p.RequestProxyAuthentication - Proxy auth state: UNCHALLENGED
19:16:26.161 [main] DEBUG o.a.h.impl.client.DefaultHttpClient - Attempt 1 to execute request
19:16:26.161 [main] DEBUG o.a.h.i.conn.DefaultClientConnection - Sending request: POST /student HTTP/1.1
19:16:26.162 [main] DEBUG org.apache.http.wire -  >> "POST /student HTTP/1.1[\r][\n]"
19:16:26.162 [main] DEBUG org.apache.http.wire -  >> "Accept: */*[\r][\n]"
19:16:26.162 [main] DEBUG org.apache.http.wire -  >> "Content-Type: application/json; charset=UTF-8[\r][\n]"
19:16:26.162 [main] DEBUG org.apache.http.wire -  >> "Content-Length: 114[\r][\n]"
19:16:26.162 [main] DEBUG org.apache.http.wire -  >> "Host: localhost:8085[\r][\n]"
19:16:26.162 [main] DEBUG org.apache.http.wire -  >> "Connection: Keep-Alive[\r][\n]"
19:16:26.162 [main] DEBUG org.apache.http.wire -  >> "User-Agent: Apache-HttpClient/4.5.13 (Java/11.0.20)[\r][\n]"
19:16:26.163 [main] DEBUG org.apache.http.wire -  >> "Accept-Encoding: gzip,deflate[\r][\n]"
19:16:26.163 [main] DEBUG org.apache.http.wire -  >> "[\r][\n]"
19:16:26.163 [main] DEBUG org.apache.http.headers - >> POST /student HTTP/1.1
19:16:26.163 [main] DEBUG org.apache.http.headers - >> Accept: */*
19:16:26.163 [main] DEBUG org.apache.http.headers - >> Content-Type: application/json; charset=UTF-8
19:16:26.163 [main] DEBUG org.apache.http.headers - >> Content-Length: 114
19:16:26.163 [main] DEBUG org.apache.http.headers - >> Host: localhost:8085
19:16:26.163 [main] DEBUG org.apache.http.headers - >> Connection: Keep-Alive
19:16:26.164 [main] DEBUG org.apache.http.headers - >> User-Agent: Apache-HttpClient/4.5.13 (Java/11.0.20)
19:16:26.164 [main] DEBUG org.apache.http.headers - >> Accept-Encoding: gzip,deflate
19:16:26.164 [main] DEBUG org.apache.http.wire -  >> "{"id":0,"firstName":"ganesh","lastName":"kunjir","email":"29455gk@gmail.com","programme":"math","courses":["c++"]}"
19:16:26.184 [main] DEBUG org.apache.http.wire -  << "HTTP/1.1 201 [\r][\n]"
19:16:26.184 [main] DEBUG org.apache.http.wire -  << "Location: http://localhost:8085/student/0[\r][\n]"
19:16:26.185 [main] DEBUG org.apache.http.wire -  << "Content-Type: application/json;charset=UTF-8[\r][\n]"
19:16:26.185 [main] DEBUG org.apache.http.wire -  << "Transfer-Encoding: chunked[\r][\n]"
19:16:26.185 [main] DEBUG org.apache.http.wire -  << "Date: Fri, 24 Nov 2023 13:46:26 GMT[\r][\n]"
19:16:26.185 [main] DEBUG org.apache.http.wire -  << "[\r][\n]"
19:16:26.185 [main] DEBUG o.a.h.i.conn.DefaultClientConnection - Receiving response: HTTP/1.1 201 
19:16:26.185 [main] DEBUG org.apache.http.headers - << HTTP/1.1 201 
19:16:26.185 [main] DEBUG org.apache.http.headers - << Location: http://localhost:8085/student/0
19:16:26.185 [main] DEBUG org.apache.http.headers - << Content-Type: application/json;charset=UTF-8
19:16:26.185 [main] DEBUG org.apache.http.headers - << Transfer-Encoding: chunked
19:16:26.185 [main] DEBUG org.apache.http.headers - << Date: Fri, 24 Nov 2023 13:46:26 GMT
19:16:26.185 [main] DEBUG o.a.h.impl.client.DefaultHttpClient - Connection can be kept alive indefinitely
19:16:26.185 [main] DEBUG i.r.i.RequestSpecificationImpl$RestAssuredHttpBuilder - Parsing response as: application/json;charset=UTF-8
19:16:26.186 [main] DEBUG i.r.i.RequestSpecificationImpl$RestAssuredHttpBuilder - Parsed data to instance of: class org.apache.http.conn.EofSensorInputStream
19:16:26.188 [main] DEBUG org.apache.http.wire -  << "17[\r][\n]"
19:16:26.189 [main] DEBUG org.apache.http.wire -  << "{"msg":"Student added"}"
19:16:26.189 [main] DEBUG org.apache.http.wire -  << "[\r][\n]"
19:16:26.189 [main] DEBUG org.apache.http.wire -  << "0[\r][\n]"
19:16:26.189 [main] DEBUG org.apache.http.wire -  << "[\r][\n]"
19:16:26.189 [main] DEBUG o.a.h.i.c.BasicClientConnectionManager - Releasing connection org.apache.http.impl.conn.ManagedClientConnectionImpl@1774c4e2
19:16:26.190 [main] DEBUG o.a.h.i.c.BasicClientConnectionManager - Connection can be kept alive indefinitely
19:16:26.194 [main] DEBUG n.t.core.steps.StepInterceptor - STEP DONE: Creating student with FirstName: {0}, LastName: {1}, Email: {2}, Programme: {3}, Courses: {4}
19:16:26.206 [main] DEBUG n.t.core.steps.StepInterceptor - STARTING STEP: StudentSteps.verifyStudent - Getting Student information with email: {0}
19:16:26.222 [main] DEBUG o.a.h.i.c.BasicClientConnectionManager - Get connection for route {}->http://localhost:8085
19:16:26.222 [main] DEBUG o.a.h.i.c.DefaultClientConnectionOperator - Connecting to localhost:8085
19:16:26.225 [main] DEBUG o.a.h.c.protocol.RequestAddCookies - CookieSpec selected: ignoreCookies
19:16:26.226 [main] DEBUG o.a.h.c.protocol.RequestAuthCache - Auth cache not set in the context
19:16:26.227 [main] DEBUG o.a.h.c.p.RequestTargetAuthentication - Target auth state: UNCHALLENGED
19:16:26.227 [main] DEBUG o.a.h.c.p.RequestProxyAuthentication - Proxy auth state: UNCHALLENGED
19:16:26.227 [main] DEBUG o.a.h.impl.client.DefaultHttpClient - Attempt 1 to execute request
19:16:26.227 [main] DEBUG o.a.h.i.conn.DefaultClientConnection - Sending request: GET /student/list HTTP/1.1
19:16:26.227 [main] DEBUG org.apache.http.wire -  >> "GET /student/list HTTP/1.1[\r][\n]"
19:16:26.227 [main] DEBUG org.apache.http.wire -  >> "Accept: */*[\r][\n]"
19:16:26.227 [main] DEBUG org.apache.http.wire -  >> "Host: localhost:8085[\r][\n]"
19:16:26.227 [main] DEBUG org.apache.http.wire -  >> "Connection: Keep-Alive[\r][\n]"
19:16:26.227 [main] DEBUG org.apache.http.wire -  >> "User-Agent: Apache-HttpClient/4.5.13 (Java/11.0.20)[\r][\n]"
19:16:26.227 [main] DEBUG org.apache.http.wire -  >> "Accept-Encoding: gzip,deflate[\r][\n]"
19:16:26.228 [main] DEBUG org.apache.http.wire -  >> "[\r][\n]"
19:16:26.228 [main] DEBUG org.apache.http.headers - >> GET /student/list HTTP/1.1
19:16:26.228 [main] DEBUG org.apache.http.headers - >> Accept: */*
19:16:26.228 [main] DEBUG org.apache.http.headers - >> Host: localhost:8085
19:16:26.228 [main] DEBUG org.apache.http.headers - >> Connection: Keep-Alive
19:16:26.228 [main] DEBUG org.apache.http.headers - >> User-Agent: Apache-HttpClient/4.5.13 (Java/11.0.20)
19:16:26.228 [main] DEBUG org.apache.http.headers - >> Accept-Encoding: gzip,deflate
19:16:26.256 [main] DEBUG org.apache.http.wire -  << "HTTP/1.1 200 [\r][\n]"
19:16:26.256 [main] DEBUG org.apache.http.wire -  << "Content-Type: application/json;charset=UTF-8[\r][\n]"
19:16:26.256 [main] DEBUG org.apache.http.wire -  << "Transfer-Encoding: chunked[\r][\n]"
19:16:26.256 [main] DEBUG org.apache.http.wire -  << "Date: Fri, 24 Nov 2023 13:46:26 GMT[\r][\n]"
19:16:26.256 [main] DEBUG org.apache.http.wire -  << "[\r][\n]"
19:16:26.257 [main] DEBUG o.a.h.i.conn.DefaultClientConnection - Receiving response: HTTP/1.1 200 
19:16:26.257 [main] DEBUG org.apache.http.headers - << HTTP/1.1 200 
19:16:26.257 [main] DEBUG org.apache.http.headers - << Content-Type: application/json;charset=UTF-8
19:16:26.257 [main] DEBUG org.apache.http.headers - << Transfer-Encoding: chunked
19:16:26.257 [main] DEBUG org.apache.http.headers - << Date: Fri, 24 Nov 2023 13:46:26 GMT
19:16:26.257 [main] DEBUG o.a.h.impl.client.DefaultHttpClient - Connection can be kept alive indefinitely
19:16:26.259 [main] DEBUG i.r.i.RequestSpecificationImpl$RestAssuredHttpBuilder - Parsing response as: application/json;charset=UTF-8
19:16:26.262 [main] DEBUG i.r.i.RequestSpecificationImpl$RestAssuredHttpBuilder - Parsed data to instance of: class org.apache.http.conn.EofSensorInputStream
19:16:26.265 [main] DEBUG org.apache.http.wire -  << "2000[\r][\n]"
19:16:26.266 [main] DEBUG org.apache.http.wire -  << "[{"id":1,"firstName":"Vernon","lastName":"Harper","email":"egestas.rhoncus.Proin@massaQuisqueporttitor.org","programme":"Financial Analysis","courses":["Accounting","Statistics"]},{"id":2,"firstName":"Murphy","lastName":"Holmes","email":"faucibus.orci.luctus@Duisac.net","programme":"Financial Analysis","courses":["Accounting","Statistics"]},{"id":3,"firstName":"Reece","lastName":"Jason","email":"tincidunt.dui@ultricessit.co.uk","programme":"Computer Science","courses":["Calculus","Algorithms","Software Development","Ethics"]},{"id":4,"firstName":"Orson","lastName":"Armando","email":"nascetur@conguea.com","programme":"Computer Science","courses":["Calculus","Algorithms","Software Development","Ethics"]},{"id":5,"firstName":"Cullen","lastName":"Craig","email":"imperdiet.ullamcorper@nonenimMauris.co.uk","programme":"Disaster Management","courses":["Disaster Preparedness"]},{"id":6,"firstName":"Harper","lastName":"Rashad","email":"vestibulum@ridiculusmus.edu","programme":"Disaster Management","courses":["Disaster Preparedness"]},{"id":7,"firstName":"Roth","lastName":"Grant","email":"eu.tellus@anuncIn.edu","programme":"Mechanical Engineering","courses":["Machine Element Design","Engineering Analysis I","Calculus & Linear Algebra I "]},{"id":8,"firstName":"Jermaine","lastName":"Alden","email":"scelerisque.sed@senectuset.org","programme":"Law","courses":["Criminal Law","Constitutional Law","Property Law","Contracts"]},{"id":9,"firstName":"Sebastian","lastName":"Jesse","email":"faucibus@sed.co.uk","programme":"Medicine","courses":["Anatomy","Biochemistry","Genetics","Human Behavior."]},{"id":10,"firstName":"Todd","lastName":"Beck","email":"Fusce.dolor.quam@commodoauctor.org","programme":"Financial Analysis","courses":["Accounting","Statistics"]},{"id":11,"firstName":"Giacomo","lastName":"Raphael","email":"magnis.dis@idmagnaet.com","programme":"Medicine","courses":["Anatomy","Biochemistry","Genetics","Human Behavior."]},{"id":12,"firstName":"Chadwick","lastName":"Lawrence","email":"turpis.non.enim@sociisnatoque.com","programme":"Criminology","courses":["Criminal Mind","Gender, Crime and Justice ","Philosophy of Law "]},{"id":13,"firstName":"Zachary","lastName":"Vance","email":"In.tincidunt.congue@Quisque.com","programme":"Criminology","courses":["Criminal Mind","Gender, Crime and Justice ","Philosophy of Law "]},{"id":14,"firstName":"Denton","lastName":"Walker","email":"Integer.sem@iaculisodioNam.edu","programme":"Mechanical Engineering","courses":["Machine Element Design","Engineering Analysis I","Calculus & Linear Algebra I "]},{"id":15,"firstName":"Hakeem","lastName":"Fitzgerald","email":"accumsan@luctuset.edu","programme":"Financial Analysis","courses":["Accounting","Statistics"]},{"id":16,"firstName":"Jakeem","lastName":"Philip","email":"montes.nascetur.ridiculus@loremDonec.com","programme":"Mechanical Engineering","courses":["Machine Element Design","Engineering Analysis I","Calculus & Linear Algebra I "]},{"id":17,"firstName":"Amal","lastName":"Emery","email":"turpis.egestas.Aliquam@fermentum.net","programme":"Computer Science","courses":["Calculus","Algorithms","Software Development","Ethics"]},{"id":18,"firstName":"Reed","lastName":"Wylie","email":"Suspendisse.aliquet.sem@atrisus.org","programme":"Medicine","courses":["Anatomy","Biochemistry","Genetics","Human Behavior."]},{"id":19,"firstName":"Lev","lastName":"Philip","email":"dolor.elit.pellentesque@enimEtiamimperdiet.ca","programme":"Computer Science","courses":["Calculus","Algorithms","Software Development","Ethics"]},{"id":20,"firstName":"Lamar","lastName":"Berk","email":"leo.Vivamus@sit.org","programme":"Medicine","courses":["Anatomy","Biochemistry","Genetics","Human Behavior."]},{"id":21,"firstName":"Nathaniel","lastName":"Colton","email":"hendrerit@et.co.uk","programme":"Medicine","courses":["Anatomy","Biochemistry","Genetics","Human Behavior."]},{"id":22,"firstName":"Kennan","lastName":"Jacob","email":"vel.vulputate@vitaedolorDonec.ca","programme":"Financial Analysis","courses":["Accounting","Statistics"]},{"id":23,"firstName":"Omar","lastName":"Colt","email":"venenatis.a@Pellentesque.co.uk","programme":"Mechanical Engineering","courses":["Machine Element Design","Engineering Analysis I","Calculus & Linear Algebra I "]},{"id":24,"firstName":"Tanek","lastName":"Scott","email":"Sed.malesuada@porttitoreros.ca","programme":"Criminology","courses":["Criminal Mind","Gender, Crime and Justice ","Philosophy of Law "]},{"id":25,"firstName":"Paki","lastName":"Samson","email":"ornare@Mauriseuturpis.edu","programme":"Law","courses":["Criminal Law","Constitutional Law","Property Law","Contracts"]},{"id":26,"firstName":"James","lastName":"Jonah","email":"Nullam@Cras.net","programme":"Mechanical Engineering","courses":["Machine Element Design","Engineering Analysis I","Calculus & Linear Algebra I "]},{"id":27,"firstName":"Cade","lastName":"Vernon","email":"pharetra.sed@Aliquamvulputateullamcorper.ca","programme":"Mechanical Engineering","courses":["Machine Element Design","Engineering Analysis I","Calculus & Linear Algebra I "]},{"id":28,"firstName":"Quentin","lastName":"Chadwick","email":"sed.turpis.nec@risusQuisque.ca","programme":"Mechanical Engineering","courses":["Machine Element Design","Engineering Analysis I","Calculus & Linear Algebra I "]},{"id":29,"firstName":"Arden","lastName":"Abel","email":"consequat.enim@ultricessit.com","programme":"Law","courses":["Criminal Law","Constitutional Law","Property Law","Contracts"]},{"id":30,"firstName":"Lars","lastName":"Keith","email":"Fusce@Quisquefringillaeuismod.org","programme":"Medicine","courses":["Anatomy","Biochemistry","Genetics","Human Behavior."]},{"id":31,"firstName":"Emmanuel","lastName":"Gavin","email":"ornare.libero@perinceptoshymenaeos.co.uk","programme":"Criminology","courses":["Criminal Mind","Gender, Crime and Justice ","Philosophy of Law "]},{"id":32,"firstName":"Noah","lastName":"Oren","email":"Proin.vel@placerat.org","programme":"Law","courses":["Criminal Law","Constitutional Law","Property Law","Contracts"]},{"id":33,"firstName":"Mason","lastName":"Barry","email":"id@incursus.co.uk","programme":"Law","courses":["Criminal Law","Constitutional Law","Property Law","Contracts"]},{"id":34,"firstName":"Elliott","lastName":"Brady","email":"Vestibulum@adlitora.net","programme":"Law","courses":["Criminal Law","Constitutional Law","Property Law","Contracts"]},{"id":35,"firstName":"Nero","lastName":"Brett","email":"amet.ante@sit.com","programme":"Disaster Management","courses":["Disaster Preparedness"]},{"id":36,"firstName":"Elvis","lastName":"Abraham","email":"neque@interdumfeugiat.net","programme":"Disaster Management","courses":["Disaster Preparedness"]},{"id":37,"firstName":"Kieran","lastName":"Ross","email":"magnis.dis.parturient@laciniaorci.edu","programme":"Disaster Management","courses":["Disaster Preparedness"]},{"id":38,"firstName":"Noah","lastName":"Merrill","email":"et@ipsum.net","programme":"Medicine","courses":["Anatomy","Biochemistry","Genetics","Human Behavior."]},{"id":39,"firstName":"Peter","lastName":"Noble","email":"turpis@sagittisplaceratCras.ca","programme":"Computer Science","courses":["Calculus","Algorithms","Software Development","Ethics"]},{"id":40,"firstName":"Axel","lastName":"Bradley","email":"ridiculus.mus@tempus.net","programme":"Mechanical Engineering","courses":["Machine Element Design","Engineering Analysis I","Calculus & Linear Algebra I "]},{"id":41,"firstName":"Hashim","lastName":"Chancellor","email":"at.pretium@eleifendvitae.net","programme":"Medicine","courses":["Anatomy","Biochemistry","Genetics","Human Behavior."]},{"id":42,"firstName":"Alan","lastName":"Connor","email":"vel.turpis.Aliquam@metus.org","programme":"Mechanical Engineering","courses":["Machine Element Design","Engineering Analysis I","Calculus & Linear Algebra I "]},{"id":43,"firstName":"Abel","lastName":"Rudyard","email":"orci.luctus.et@posuere.com","programme":"Computer Science","courses":["Calculus","Algorithms","Software Development","Ethics"]},{"id":44,"firstName":"Cedric","lastName":"Zeus","em"
19:16:26.267 [main] DEBUG org.apache.http.wire -  << "ail":"Quisque.tincidunt@nullaanteiaculis.co.uk","programme":"Law","courses":["Criminal Law","Constitutional Law","Property Law","Contr"
19:16:26.267 [main] DEBUG org.apache.http.wire -  << "[\r][\n]"
19:16:26.267 [main] DEBUG org.apache.http.wire -  << "2000[\r][\n]"
19:16:26.268 [main] DEBUG org.apache.http.wire -  << "acts"]},{"id":45,"firstName":"Boris","lastName":"Kato","email":"dictum@tortorInteger.org","programme":"Medicine","courses":["Anatomy","Biochemistry","Genetics","Human Behavior."]},{"id":46,"firstName":"Walter","lastName":"Phelan","email":"diam@nectellusNunc.edu","programme":"Law","courses":["Criminal Law","Constitutional Law","Property Law","Contracts"]},{"id":47,"firstName":"Preston","lastName":"Branden","email":"sagittis.semper@urnaNullam.net","programme":"Criminology","courses":["Criminal Mind","Gender, Crime and Justice ","Philosophy of Law "]},{"id":48,"firstName":"Kane","lastName":"Alec","email":"dignissim.Maecenas.ornare@adui.edu","programme":"Law","courses":["Criminal Law","Constitutional Law","Property Law","Contracts"]},{"id":49,"firstName":"Igor","lastName":"Ezra","email":"cursus.non.egestas@laciniaorci.net","programme":"Criminology","courses":["Criminal Mind","Gender, Crime and Justice ","Philosophy of Law "]},{"id":50,"firstName":"Yoshio","lastName":"Kato","email":"Vivamus.rhoncus@semutcursus.ca","programme":"Disaster Management","courses":["Disaster Preparedness"]},{"id":51,"firstName":"Fletcher","lastName":"Vance","email":"orci.lacus@hendreritDonecporttitor.net","programme":"Computer Science","courses":["Calculus","Algorithms","Software Development","Ethics"]},{"id":52,"firstName":"Burton","lastName":"Merrill","email":"mauris@malesuada.ca","programme":"Law","courses":["Criminal Law","Constitutional Law","Property Law","Contracts"]},{"id":53,"firstName":"Rafael","lastName":"Vladimir","email":"mauris.ipsum.porta@sit.ca","programme":"Law","courses":["Criminal Law","Constitutional Law","Property Law","Contracts"]},{"id":54,"firstName":"Dolan","lastName":"Hyatt","email":"augue.malesuada@Pellentesqueut.net","programme":"Computer Science","courses":["Calculus","Algorithms","Software Development","Ethics"]},{"id":55,"firstName":"Driscoll","lastName":"Russell","email":"Lorem.ipsum.dolor@eu.co.uk","programme":"Computer Science","courses":["Calculus","Algorithms","Software Development","Ethics"]},{"id":56,"firstName":"Boris","lastName":"Dexter","email":"purus@mollis.co.uk","programme":"Law","courses":["Criminal Law","Constitutional Law","Property Law","Contracts"]},{"id":57,"firstName":"Maxwell","lastName":"Tarik","email":"pharetra.Quisque.ac@facilisisSuspendisse.edu","programme":"Criminology","courses":["Criminal Mind","Gender, Crime and Justice ","Philosophy of Law "]},{"id":58,"firstName":"Nero","lastName":"Ulysses","email":"inceptos.hymenaeos.Mauris@Proin.edu","programme":"Financial Analysis","courses":["Accounting","Statistics"]},{"id":59,"firstName":"Chase","lastName":"Laith","email":"ridiculus.mus.Donec@netus.org","programme":"Mechanical Engineering","courses":["Machine Element Design","Engineering Analysis I","Calculus & Linear Algebra I "]},{"id":60,"firstName":"Dominic","lastName":"Malcolm","email":"mi.felis.adipiscing@liberoettristique.edu","programme":"Criminology","courses":["Criminal Mind","Gender, Crime and Justice ","Philosophy of Law "]},{"id":61,"firstName":"Ross","lastName":"Hedley","email":"Ut.tincidunt.vehicula@nuncidenim.edu","programme":"Criminology","courses":["Criminal Mind","Gender, Crime and Justice ","Philosophy of Law "]},{"id":62,"firstName":"Abel","lastName":"Garrett","email":"rhoncus@sociisnatoquepenatibus.ca","programme":"Financial Analysis","courses":["Accounting","Statistics"]},{"id":63,"firstName":"Nero","lastName":"Clarke","email":"eget.metus.In@disparturientmontes.org","programme":"Computer Science","courses":["Calculus","Algorithms","Software Development","Ethics"]},{"id":64,"firstName":"Thane","lastName":"Carl","email":"ut.nulla@netuset.co.uk","programme":"Criminology","courses":["Criminal Mind","Gender, Crime and Justice ","Philosophy of Law "]},{"id":65,"firstName":"Jerome","lastName":"Jackson","email":"ac.turpis@facilisislorem.net","programme":"Computer Science","courses":["Calculus","Algorithms","Software Development","Ethics"]},{"id":66,"firstName":"Tate","lastName":"Martin","email":"ante.blandit@semeget.org","programme":"Law","courses":["Criminal Law","Constitutional Law","Property Law","Contracts"]},{"id":67,"firstName":"Caldwell","lastName":"Daniel","email":"lobortis@nequevenenatislacus.net","programme":"Medicine","courses":["Anatomy","Biochemistry","Genetics","Human Behavior."]},{"id":68,"firstName":"Lucian","lastName":"Holmes","email":"Cras@lorem.org","programme":"Medicine","courses":["Anatomy","Biochemistry","Genetics","Human Behavior."]},{"id":69,"firstName":"Akeem","lastName":"Herrod","email":"vel.venenatis@Nullamvelit.com","programme":"Disaster Management","courses":["Disaster Preparedness"]},{"id":70,"firstName":"Vance","lastName":"Colin","email":"quam.vel.sapien@vellectusCum.org","programme":"Disaster Management","courses":["Disaster Preparedness"]},{"id":71,"firstName":"Austin","lastName":"Jelani","email":"Nulla@nuncid.net","programme":"Medicine","courses":["Anatomy","Biochemistry","Genetics","Human Behavior."]},{"id":72,"firstName":"Jackson","lastName":"Honorato","email":"In@vestibulumlorem.com","programme":"Criminology","courses":["Criminal Mind","Gender, Crime and Justice ","Philosophy of Law "]},{"id":73,"firstName":"Lee","lastName":"Acton","email":"rutrum@mattis.org","programme":"Mechanical Engineering","courses":["Machine Element Design","Engineering Analysis I","Calculus & Linear Algebra I "]},{"id":74,"firstName":"Aquila","lastName":"Sylvester","email":"Aliquam.ultrices.iaculis@duiquisaccumsan.co.uk","programme":"Criminology","courses":["Criminal Mind","Gender, Crime and Justice ","Philosophy of Law "]},{"id":75,"firstName":"Baker","lastName":"Cairo","email":"fermentum@diam.com","programme":"Financial Analysis","courses":["Accounting","Statistics"]},{"id":76,"firstName":"Samuel","lastName":"Kibo","email":"semper@enimcommodohendrerit.co.uk","programme":"Criminology","courses":["Criminal Mind","Gender, Crime and Justice ","Philosophy of Law "]},{"id":77,"firstName":"Byron","lastName":"Warren","email":"enim.Etiam.imperdiet@sitamet.ca","programme":"Mechanical Engineering","courses":["Machine Element Design","Engineering Analysis I","Calculus & Linear Algebra I "]},{"id":78,"firstName":"Declan","lastName":"Barclay","email":"Proin.nisl.sem@Aliquamnecenim.org","programme":"Mechanical Engineering","courses":["Machine Element Design","Engineering Analysis I","Calculus & Linear Algebra I "]},{"id":79,"firstName":"Robert","lastName":"Cullen","email":"in.dolor@pede.co.uk","programme":"Disaster Management","courses":["Disaster Preparedness"]},{"id":80,"firstName":"Troy","lastName":"Simon","email":"Cras.vulputate.velit@ornare.org","programme":"Criminology","courses":["Criminal Mind","Gender, Crime and Justice ","Philosophy of Law "]},{"id":81,"firstName":"Tiger","lastName":"Wylie","email":"risus.quis.diam@Proin.ca","programme":"Disaster Management","courses":["Disaster Preparedness"]},{"id":82,"firstName":"Herrod","lastName":"Adam","email":"hendrerit.neque@a.co.uk","programme":"Medicine","courses":["Anatomy","Biochemistry","Genetics","Human Behavior."]},{"id":83,"firstName":"Yuli","lastName":"Griffin","email":"ipsum.non@vitae.co.uk","programme":"Criminology","courses":["Criminal Mind","Gender, Crime and Justice ","Philosophy of Law "]},{"id":84,"firstName":"Chancellor","lastName":"Ali","email":"ultrices@Nullam.net","programme":"Medicine","courses":["Anatomy","Biochemistry","Genetics","Human Behavior."]},{"id":85,"firstName":"Charles","lastName":"Randall","email":"ipsum.porta.elit@morbitristique.net","programme":"Law","courses":["Criminal Law","Constitutional Law","Property Law","Contracts"]},{"id":86,"firstName":"Lucius","lastName":"Gage","email":"auctor.vitae.aliquet@parturient.org","programme":"Disaster Management","courses":["Disaster Preparedness"]},{"id":87,"firstName":"Richard","lastName":"Dane","email":"Nulla.eget@musDonecdignissim.co.uk","programme":"Mechanical Engineering","courses":["Machine Element Design","Engineering Analysis I","Calculus & Linear Algebra I "]},{"id":88,"firstName":"Addison","lastName":"Jermaine","email":"est.Maur"
19:16:26.268 [main] DEBUG org.apache.http.wire -  << "is@et.co.uk","programme":"Disaster Management","courses":["Disaster Preparedness"]},{"id":89,"firstName":"Acton","lastName":"Elliott","email":"
19:16:26.268 [main] DEBUG org.apache.http.wire -  << "[\r][\n]"
19:16:26.268 [main] DEBUG org.apache.http.wire -  << "c5e[\r][\n]"
19:16:26.268 [main] DEBUG org.apache.http.wire -  << ""sem.eget@posuerecubiliaCurae.ca","programme":"Medicine","courses":["Anatomy","Biochemistry","Genetics","Human Behavior."]},{"id":90,"firstName":"Channing","lastName":"Howard","email":"est.congue@velit.com","programme":"Medicine","courses":["Anatomy","Biochemistry","Genetics","Human Behavior."]},{"id":91,"firstName":"Darius","lastName":"Nehru","email":"risus.varius.orci@sitamet.edu","programme":"Medicine","courses":["Anatomy","Biochemistry","Genetics","Human Behavior."]},{"id":92,"firstName":"Walter","lastName":"Arsenio","email":"a.ultricies@duiFusce.edu","programme":"Financial Analysis","courses":["Accounting","Statistics"]},{"id":93,"firstName":"Dieter","lastName":"Matthew","email":"a@pretium.ca","programme":"Mechanical Engineering","courses":["Machine Element Design","Engineering Analysis I","Calculus & Linear Algebra I "]},{"id":94,"firstName":"Evan","lastName":"Yoshio","email":"sapien.gravida.non@noncursus.com","programme":"Financial Analysis","courses":["Accounting","Statistics"]},{"id":95,"firstName":"Hamilton","lastName":"Dennis","email":"luctus.lobortis@nonbibendumsed.com","programme":"Mechanical Engineering","courses":["Machine Element Design","Engineering Analysis I","Calculus & Linear Algebra I "]},{"id":96,"firstName":"Gavin","lastName":"Driscoll","email":"lacinia.mattis@risusDonec.net","programme":"Medicine","courses":["Anatomy","Biochemistry","Genetics","Human Behavior."]},{"id":97,"firstName":"Brendan","lastName":"Allistair","email":"Nunc.laoreet@Sed.ca","programme":"Computer Science","courses":["Calculus","Algorithms","Software Development","Ethics"]},{"id":98,"firstName":"Gary","lastName":"Robert","email":"molestie@vitaesemper.ca","programme":"Computer Science","courses":["Calculus","Algorithms","Software Development","Ethics"]},{"id":99,"firstName":"Fletcher","lastName":"Brenden","email":"semper@nequesed.co.uk","programme":"Computer Science","courses":["Calculus","Algorithms","Software Development","Ethics"]},{"id":100,"firstName":"Oscar","lastName":"Barclay","email":"non.ante.bibendum@risusDonecegestas.edu","programme":"Mechanical Engineering","courses":["Machine Element Design","Engineering Analysis I","Calculus & Linear Algebra I "]},{"id":101,"firstName":"manoj","lastName":"kunjir","email":"84667mk@gmail.com","programme":"business comm","courses":["java"]},{"id":102,"firstName":"ganesh","lastName":"kunjir","email":"59880gk@gmail.com","programme":"math","courses":["c++"]},{"id":103,"firstName":"manoj","lastName":"kunjir","email":"53604mk@gmail.com","programme":"business comm","courses":["java"]},{"id":104,"firstName":"ganesh","lastName":"kunjir","email":"85188gk@gmail.com","programme":"math","courses":["c++"]},{"id":105,"firstName":"manoj","lastName":"kunjir","email":"51675mk@gmail.com","programme":"business comm","courses":["java"]},{"id":106,"firstName":"ganesh","lastName":"kunjir","email":"35865gk@gmail.com","programme":"math","courses":["c++"]},{"id":107,"firstName":"manoj","lastName":"kunjir","email":"73726mk@gmail.com","programme":"business comm","courses":["java"]},{"id":108,"firstName":"ganesh","lastName":"kunjir","email":"29455gk@gmail.com","programme":"math","courses":["c++"]}]"
19:16:26.269 [main] DEBUG org.apache.http.wire -  << "[\r][\n]"
19:16:26.269 [main] DEBUG org.apache.http.wire -  << "0[\r][\n]"
19:16:26.269 [main] DEBUG org.apache.http.wire -  << "[\r][\n]"
19:16:26.269 [main] DEBUG o.a.h.i.c.BasicClientConnectionManager - Releasing connection org.apache.http.impl.conn.ManagedClientConnectionImpl@50e0b472
19:16:26.269 [main] DEBUG o.a.h.i.c.BasicClientConnectionManager - Connection can be kept alive indefinitely
19:16:26.337 [main] DEBUG n.t.core.steps.StepInterceptor - STEP DONE: Getting Student information with email: {0}
19:16:26.347 [main] INFO   - 
  _____   ___   ___   _____     ___     _     ___   ___   ___   ___  
 |_   _| | __| / __| |_   _|   | _ \   /_\   / __| / __| | __| |   \ 
   | |   | _|  \__ \   | |     |  _/  / _ \  \__ \ \__ \ | _|  | |) |
   |_|   |___| |___/   |_|     |_|   /_/ \_\ |___/ |___/ |___| |___/ 

Create a new student and verify if the student is added
----------------------------------------------------------------------
]]></system-out>
  </testcase>
</testsuite>